\BOOKMARK [0][-]{chapter.1}{\376\377\0001\000\040\000H\000i\000e\000r\000a\000r\000c\000h\000i\000c\000a\000l\000\040\000I\000n\000d\000e\000x}{}% 1
\BOOKMARK [1][-]{section.1.1}{\376\377\0001\000.\0001\000\040\000C\000l\000a\000s\000s\000\040\000H\000i\000e\000r\000a\000r\000c\000h\000y}{chapter.1}% 2
\BOOKMARK [0][-]{chapter.2}{\376\377\0002\000\040\000C\000l\000a\000s\000s\000\040\000I\000n\000d\000e\000x}{}% 3
\BOOKMARK [1][-]{section.2.1}{\376\377\0002\000.\0001\000\040\000C\000l\000a\000s\000s\000\040\000L\000i\000s\000t}{chapter.2}% 4
\BOOKMARK [0][-]{chapter.3}{\376\377\0003\000\040\000C\000l\000a\000s\000s\000\040\000D\000o\000c\000u\000m\000e\000n\000t\000a\000t\000i\000o\000n}{}% 5
\BOOKMARK [1][-]{section.3.1}{\376\377\0003\000.\0001\000\040\000C\000M\000\137\000D\000i\000s\000p\000a\000t\000c\000h\000e\000r\000\040\000C\000l\000a\000s\000s\000\040\000R\000e\000f\000e\000r\000e\000n\000c\000e}{chapter.3}% 6
\BOOKMARK [2][-]{subsection.3.1.1}{\376\377\0003\000.\0001\000.\0001\000\040\000D\000e\000t\000a\000i\000l\000e\000d\000\040\000D\000e\000s\000c\000r\000i\000p\000t\000i\000o\000n}{section.3.1}% 7
\BOOKMARK [2][-]{subsection.3.1.2}{\376\377\0003\000.\0001\000.\0002\000\040\000M\000e\000m\000b\000e\000r\000\040\000F\000u\000n\000c\000t\000i\000o\000n\000\040\000D\000o\000c\000u\000m\000e\000n\000t\000a\000t\000i\000o\000n}{section.3.1}% 8
\BOOKMARK [3][-]{subsubsection.3.1.2.1}{\376\377\0003\000.\0001\000.\0002\000.\0001\000\040\000A\000d\000d\000T\000o\000E\000x\000e\000c\000u\000t\000e\000Q\000u\000e\000u\000e\000\050\000I\000E\000n\000u\000m\000e\000r\000a\000t\000o\000r\000\040\000j\000o\000b\000\051}{subsection.3.1.2}% 9
\BOOKMARK [1][-]{section.3.2}{\376\377\0003\000.\0002\000\040\000C\000M\000\137\000G\000l\000o\000b\000a\000l\000C\000o\000r\000o\000u\000t\000i\000n\000e\000M\000a\000n\000a\000g\000e\000r\000<\000\040\000T\000\040\000>\000\040\000C\000l\000a\000s\000s\000\040\000T\000e\000m\000p\000l\000a\000t\000e\000\040\000R\000e\000f\000e\000r\000e\000n\000c\000e}{chapter.3}% 10
\BOOKMARK [2][-]{subsection.3.2.1}{\376\377\0003\000.\0002\000.\0001\000\040\000D\000e\000t\000a\000i\000l\000e\000d\000\040\000D\000e\000s\000c\000r\000i\000p\000t\000i\000o\000n}{section.3.2}% 11
\BOOKMARK [2][-]{subsection.3.2.2}{\376\377\0003\000.\0002\000.\0002\000\040\000P\000r\000o\000p\000e\000r\000t\000y\000\040\000D\000o\000c\000u\000m\000e\000n\000t\000a\000t\000i\000o\000n}{section.3.2}% 12
\BOOKMARK [3][-]{subsubsection.3.2.2.1}{\376\377\0003\000.\0002\000.\0002\000.\0001\000\040\000G\000l\000o\000b\000a\000l}{subsection.3.2.2}% 13
\BOOKMARK [1][-]{section.3.3}{\376\377\0003\000.\0003\000\040\000C\000M\000\137\000J\000o\000b\000\040\000C\000l\000a\000s\000s\000\040\000R\000e\000f\000e\000r\000e\000n\000c\000e}{chapter.3}% 14
\BOOKMARK [2][-]{subsection.3.3.1}{\376\377\0003\000.\0003\000.\0001\000\040\000D\000e\000t\000a\000i\000l\000e\000d\000\040\000D\000e\000s\000c\000r\000i\000p\000t\000i\000o\000n}{section.3.3}% 15
\BOOKMARK [2][-]{subsection.3.3.2}{\376\377\0003\000.\0003\000.\0002\000\040\000M\000e\000m\000b\000e\000r\000\040\000F\000u\000n\000c\000t\000i\000o\000n\000\040\000D\000o\000c\000u\000m\000e\000n\000t\000a\000t\000i\000o\000n}{section.3.3}% 16
\BOOKMARK [3][-]{subsubsection.3.3.2.1}{\376\377\0003\000.\0003\000.\0002\000.\0001\000\040\000A\000d\000d\000C\000h\000i\000l\000d\000\050\000C\000M\000\137\000J\000o\000b\000\040\000c\000h\000i\000l\000d\000J\000o\000b\000\051}{subsection.3.3.2}% 17
\BOOKMARK [3][-]{subsubsection.3.3.2.2}{\376\377\0003\000.\0003\000.\0002\000.\0002\000\040\000A\000d\000d\000C\000h\000i\000l\000d\000\050\000I\000E\000n\000u\000m\000e\000r\000a\000t\000o\000r\000\040\000c\000h\000i\000l\000d\000J\000o\000b\000\051}{subsection.3.3.2}% 18
\BOOKMARK [3][-]{subsubsection.3.3.2.3}{\376\377\0003\000.\0003\000.\0002\000.\0003\000\040\000B\000u\000i\000l\000d\000e\000r\000\050\000p\000a\000r\000a\000m\000s\000\040\000I\000E\000n\000u\000m\000e\000r\000a\000t\000o\000r\000[\000]\000\040\000c\000o\000r\000o\000u\000t\000i\000n\000e\000s\000\051}{subsection.3.3.2}% 19
\BOOKMARK [3][-]{subsubsection.3.3.2.4}{\376\377\0003\000.\0003\000.\0002\000.\0004\000\040\000C\000l\000o\000n\000e\000\050\000\051}{subsection.3.3.2}% 20
\BOOKMARK [3][-]{subsubsection.3.3.2.5}{\376\377\0003\000.\0003\000.\0002\000.\0005\000\040\000C\000l\000o\000n\000e\000\050\000i\000n\000t\000\040\000n\000u\000m\000O\000f\000C\000o\000p\000i\000e\000s\000\051}{subsection.3.3.2}% 21
\BOOKMARK [3][-]{subsubsection.3.3.2.6}{\376\377\0003\000.\0003\000.\0002\000.\0006\000\040\000K\000i\000l\000l\000\050\000\051}{subsection.3.3.2}% 22
\BOOKMARK [3][-]{subsubsection.3.3.2.7}{\376\377\0003\000.\0003\000.\0002\000.\0007\000\040\000K\000i\000l\000l\000\050\000f\000l\000o\000a\000t\000\040\000d\000e\000l\000a\000y\000I\000n\000S\000e\000c\000o\000n\000d\000s\000\051}{subsection.3.3.2}% 23
\BOOKMARK [3][-]{subsubsection.3.3.2.8}{\376\377\0003\000.\0003\000.\0002\000.\0008\000\040\000M\000a\000k\000e\000\050\000I\000E\000n\000u\000m\000e\000r\000a\000t\000o\000r\000\040\000c\000o\000r\000o\000u\000t\000i\000n\000e\000\051}{subsection.3.3.2}% 24
\BOOKMARK [3][-]{subsubsection.3.3.2.9}{\376\377\0003\000.\0003\000.\0002\000.\0009\000\040\000M\000a\000k\000e\000\050\000I\000E\000n\000u\000m\000e\000r\000a\000t\000o\000r\000\040\000c\000o\000r\000o\000u\000t\000i\000n\000e\000,\000\040\000s\000t\000r\000i\000n\000g\000\040\000i\000d\000\051}{subsection.3.3.2}% 25
\BOOKMARK [3][-]{subsubsection.3.3.2.10}{\376\377\0003\000.\0003\000.\0002\000.\0001\0000\000\040\000N\000o\000t\000i\000f\000y\000O\000n\000C\000h\000i\000l\000d\000J\000o\000b\000C\000o\000m\000p\000l\000e\000t\000e\000\050\000E\000v\000e\000n\000t\000H\000a\000n\000d\000l\000e\000r\000<\000\040\000C\000M\000\137\000J\000o\000b\000E\000v\000e\000n\000t\000A\000r\000g\000s\000\040\000>\000\040\000e\000\051}{subsection.3.3.2}% 26
\BOOKMARK [3][-]{subsubsection.3.3.2.11}{\376\377\0003\000.\0003\000.\0002\000.\0001\0001\000\040\000N\000o\000t\000i\000f\000y\000O\000n\000C\000h\000i\000l\000d\000J\000o\000b\000S\000t\000a\000r\000t\000e\000d\000\050\000E\000v\000e\000n\000t\000H\000a\000n\000d\000l\000e\000r\000<\000\040\000C\000M\000\137\000J\000o\000b\000E\000v\000e\000n\000t\000A\000r\000g\000s\000\040\000>\000\040\000e\000\051}{subsection.3.3.2}% 27
\BOOKMARK [3][-]{subsubsection.3.3.2.12}{\376\377\0003\000.\0003\000.\0002\000.\0001\0002\000\040\000N\000o\000t\000i\000f\000y\000O\000n\000J\000o\000b\000C\000o\000m\000p\000l\000e\000t\000e\000\050\000E\000v\000e\000n\000t\000H\000a\000n\000d\000l\000e\000r\000<\000\040\000C\000M\000\137\000J\000o\000b\000E\000v\000e\000n\000t\000A\000r\000g\000s\000\040\000>\000\040\000e\000\051}{subsection.3.3.2}% 28
\BOOKMARK [3][-]{subsubsection.3.3.2.13}{\376\377\0003\000.\0003\000.\0002\000.\0001\0003\000\040\000N\000o\000t\000i\000f\000y\000O\000n\000J\000o\000b\000F\000i\000n\000i\000s\000h\000e\000d\000R\000u\000n\000n\000i\000n\000g\000\050\000E\000v\000e\000n\000t\000H\000a\000n\000d\000l\000e\000r\000<\000\040\000C\000M\000\137\000J\000o\000b\000E\000v\000e\000n\000t\000A\000r\000g\000s\000\040\000>\000\040\000e\000\051}{subsection.3.3.2}% 29
\BOOKMARK [3][-]{subsubsection.3.3.2.14}{\376\377\0003\000.\0003\000.\0002\000.\0001\0004\000\040\000N\000o\000t\000i\000f\000y\000O\000n\000J\000o\000b\000P\000a\000u\000s\000e\000d\000\050\000E\000v\000e\000n\000t\000H\000a\000n\000d\000l\000e\000r\000<\000\040\000C\000M\000\137\000J\000o\000b\000E\000v\000e\000n\000t\000A\000r\000g\000s\000\040\000>\000\040\000e\000\051}{subsection.3.3.2}% 30
\BOOKMARK [3][-]{subsubsection.3.3.2.15}{\376\377\0003\000.\0003\000.\0002\000.\0001\0005\000\040\000N\000o\000t\000i\000f\000y\000O\000n\000J\000o\000b\000R\000e\000s\000u\000m\000e\000d\000\050\000E\000v\000e\000n\000t\000H\000a\000n\000d\000l\000e\000r\000<\000\040\000C\000M\000\137\000J\000o\000b\000E\000v\000e\000n\000t\000A\000r\000g\000s\000\040\000>\000\040\000e\000\051}{subsection.3.3.2}% 31
\BOOKMARK [3][-]{subsubsection.3.3.2.16}{\376\377\0003\000.\0003\000.\0002\000.\0001\0006\000\040\000N\000o\000t\000i\000f\000y\000O\000n\000J\000o\000b\000S\000t\000a\000r\000t\000e\000d\000\050\000E\000v\000e\000n\000t\000H\000a\000n\000d\000l\000e\000r\000<\000\040\000C\000M\000\137\000J\000o\000b\000E\000v\000e\000n\000t\000A\000r\000g\000s\000\040\000>\000\040\000e\000\051}{subsection.3.3.2}% 32
\BOOKMARK [3][-]{subsubsection.3.3.2.17}{\376\377\0003\000.\0003\000.\0002\000.\0001\0007\000\040\000O\000n\000C\000h\000i\000l\000d\000J\000o\000b\000s\000C\000o\000m\000p\000l\000e\000t\000e\000\050\000C\000M\000\137\000J\000o\000b\000E\000v\000e\000n\000t\000A\000r\000g\000s\000\040\000e\000\051}{subsection.3.3.2}% 33
\BOOKMARK [3][-]{subsubsection.3.3.2.18}{\376\377\0003\000.\0003\000.\0002\000.\0001\0008\000\040\000O\000n\000C\000h\000i\000l\000d\000J\000o\000b\000s\000S\000t\000a\000r\000t\000e\000d\000\050\000C\000M\000\137\000J\000o\000b\000E\000v\000e\000n\000t\000A\000r\000g\000s\000\040\000e\000\051}{subsection.3.3.2}% 34
\BOOKMARK [3][-]{subsubsection.3.3.2.19}{\376\377\0003\000.\0003\000.\0002\000.\0001\0009\000\040\000O\000n\000J\000o\000b\000C\000o\000m\000p\000l\000e\000t\000e\000\050\000C\000M\000\137\000J\000o\000b\000E\000v\000e\000n\000t\000A\000r\000g\000s\000\040\000e\000\051}{subsection.3.3.2}% 35
\BOOKMARK [3][-]{subsubsection.3.3.2.20}{\376\377\0003\000.\0003\000.\0002\000.\0002\0000\000\040\000O\000n\000J\000o\000b\000F\000i\000n\000i\000s\000h\000e\000d\000R\000u\000n\000n\000i\000n\000g\000\050\000C\000M\000\137\000J\000o\000b\000E\000v\000e\000n\000t\000A\000r\000g\000s\000\040\000e\000\051}{subsection.3.3.2}% 36
\BOOKMARK [3][-]{subsubsection.3.3.2.21}{\376\377\0003\000.\0003\000.\0002\000.\0002\0001\000\040\000O\000n\000J\000o\000b\000P\000a\000u\000s\000e\000d\000\050\000C\000M\000\137\000J\000o\000b\000E\000v\000e\000n\000t\000A\000r\000g\000s\000\040\000e\000\051}{subsection.3.3.2}% 37
\BOOKMARK [3][-]{subsubsection.3.3.2.22}{\376\377\0003\000.\0003\000.\0002\000.\0002\0002\000\040\000O\000n\000J\000o\000b\000R\000e\000s\000u\000m\000e\000d\000\050\000C\000M\000\137\000J\000o\000b\000E\000v\000e\000n\000t\000A\000r\000g\000s\000\040\000e\000\051}{subsection.3.3.2}% 38
\BOOKMARK [3][-]{subsubsection.3.3.2.23}{\376\377\0003\000.\0003\000.\0002\000.\0002\0003\000\040\000O\000n\000J\000o\000b\000S\000t\000a\000r\000t\000e\000d\000\050\000C\000M\000\137\000J\000o\000b\000E\000v\000e\000n\000t\000A\000r\000g\000s\000\040\000e\000\051}{subsection.3.3.2}% 39
\BOOKMARK [3][-]{subsubsection.3.3.2.24}{\376\377\0003\000.\0003\000.\0002\000.\0002\0004\000\040\000P\000a\000u\000s\000e\000\050\000\051}{subsection.3.3.2}% 40
\BOOKMARK [3][-]{subsubsection.3.3.2.25}{\376\377\0003\000.\0003\000.\0002\000.\0002\0005\000\040\000P\000a\000u\000s\000e\000\050\000f\000l\000o\000a\000t\000\040\000d\000e\000l\000a\000y\000I\000n\000S\000e\000c\000o\000n\000d\000s\000\051}{subsection.3.3.2}% 41
\BOOKMARK [3][-]{subsubsection.3.3.2.26}{\376\377\0003\000.\0003\000.\0002\000.\0002\0006\000\040\000R\000e\000m\000o\000v\000e\000C\000h\000i\000l\000d\000J\000o\000b\000\050\000C\000M\000\137\000J\000o\000b\000\040\000c\000h\000i\000l\000d\000J\000o\000b\000\051}{subsection.3.3.2}% 42
\BOOKMARK [3][-]{subsubsection.3.3.2.27}{\376\377\0003\000.\0003\000.\0002\000.\0002\0007\000\040\000R\000e\000m\000o\000v\000e\000N\000o\000t\000i\000f\000y\000O\000n\000C\000h\000i\000l\000d\000J\000o\000b\000C\000o\000m\000p\000l\000e\000t\000e\000\050\000E\000v\000e\000n\000t\000H\000a\000n\000d\000l\000e\000r\000<\000\040\000C\000M\000\137\000J\000o\000b\000E\000v\000e\000n\000t\000A\000r\000g\000s\000\040\000>\000\040\000e\000\051}{subsection.3.3.2}% 43
\BOOKMARK [3][-]{subsubsection.3.3.2.28}{\376\377\0003\000.\0003\000.\0002\000.\0002\0008\000\040\000R\000e\000m\000o\000v\000e\000N\000o\000t\000i\000f\000y\000O\000n\000C\000h\000i\000l\000d\000J\000o\000b\000S\000t\000a\000r\000t\000e\000d\000\050\000E\000v\000e\000n\000t\000H\000a\000n\000d\000l\000e\000r\000<\000\040\000C\000M\000\137\000J\000o\000b\000E\000v\000e\000n\000t\000A\000r\000g\000s\000\040\000>\000\040\000e\000\051}{subsection.3.3.2}% 44
\BOOKMARK [3][-]{subsubsection.3.3.2.29}{\376\377\0003\000.\0003\000.\0002\000.\0002\0009\000\040\000R\000e\000m\000o\000v\000e\000N\000o\000t\000i\000f\000y\000O\000n\000J\000o\000b\000C\000o\000m\000p\000l\000e\000t\000e\000\050\000E\000v\000e\000n\000t\000H\000a\000n\000d\000l\000e\000r\000<\000\040\000C\000M\000\137\000J\000o\000b\000E\000v\000e\000n\000t\000A\000r\000g\000s\000\040\000>\000\040\000e\000\051}{subsection.3.3.2}% 45
\BOOKMARK [3][-]{subsubsection.3.3.2.30}{\376\377\0003\000.\0003\000.\0002\000.\0003\0000\000\040\000R\000e\000m\000o\000v\000e\000N\000o\000t\000i\000f\000y\000O\000n\000J\000o\000b\000F\000i\000n\000i\000s\000h\000e\000d\000R\000u\000n\000n\000i\000n\000g\000\050\000E\000v\000e\000n\000t\000H\000a\000n\000d\000l\000e\000r\000<\000\040\000C\000M\000\137\000J\000o\000b\000E\000v\000e\000n\000t\000A\000r\000g\000s\000\040\000>\000\040\000e\000\051}{subsection.3.3.2}% 46
\BOOKMARK [3][-]{subsubsection.3.3.2.31}{\376\377\0003\000.\0003\000.\0002\000.\0003\0001\000\040\000R\000e\000m\000o\000v\000e\000N\000o\000t\000i\000f\000y\000O\000n\000J\000o\000b\000P\000a\000u\000s\000e\000d\000\050\000E\000v\000e\000n\000t\000H\000a\000n\000d\000l\000e\000r\000<\000\040\000C\000M\000\137\000J\000o\000b\000E\000v\000e\000n\000t\000A\000r\000g\000s\000\040\000>\000\040\000e\000\051}{subsection.3.3.2}% 47
\BOOKMARK [3][-]{subsubsection.3.3.2.32}{\376\377\0003\000.\0003\000.\0002\000.\0003\0002\000\040\000R\000e\000m\000o\000v\000e\000N\000o\000t\000i\000f\000y\000O\000n\000J\000o\000b\000R\000e\000s\000u\000m\000e\000d\000\050\000E\000v\000e\000n\000t\000H\000a\000n\000d\000l\000e\000r\000<\000\040\000C\000M\000\137\000J\000o\000b\000E\000v\000e\000n\000t\000A\000r\000g\000s\000\040\000>\000\040\000e\000\051}{subsection.3.3.2}% 48
\BOOKMARK [3][-]{subsubsection.3.3.2.33}{\376\377\0003\000.\0003\000.\0002\000.\0003\0003\000\040\000R\000e\000m\000o\000v\000e\000N\000o\000t\000i\000f\000y\000O\000n\000J\000o\000b\000S\000t\000a\000r\000t\000e\000d\000\050\000E\000v\000e\000n\000t\000H\000a\000n\000d\000l\000e\000r\000<\000\040\000C\000M\000\137\000J\000o\000b\000E\000v\000e\000n\000t\000A\000r\000g\000s\000\040\000>\000\040\000e\000\051}{subsection.3.3.2}% 49
\BOOKMARK [3][-]{subsubsection.3.3.2.34}{\376\377\0003\000.\0003\000.\0002\000.\0003\0004\000\040\000R\000e\000p\000e\000a\000t\000\050\000\051}{subsection.3.3.2}% 50
\BOOKMARK [3][-]{subsubsection.3.3.2.35}{\376\377\0003\000.\0003\000.\0002\000.\0003\0005\000\040\000R\000e\000p\000e\000a\000t\000\050\000i\000n\000t\000\040\000n\000u\000m\000O\000f\000T\000i\000m\000e\000s\000\051}{subsection.3.3.2}% 51
\BOOKMARK [3][-]{subsubsection.3.3.2.36}{\376\377\0003\000.\0003\000.\0002\000.\0003\0006\000\040\000R\000e\000s\000u\000m\000e\000\050\000\051}{subsection.3.3.2}% 52
\BOOKMARK [3][-]{subsubsection.3.3.2.37}{\376\377\0003\000.\0003\000.\0002\000.\0003\0007\000\040\000R\000e\000s\000u\000m\000e\000\050\000f\000l\000o\000a\000t\000\040\000d\000e\000l\000a\000y\000I\000n\000S\000e\000c\000o\000n\000d\000s\000\051}{subsection.3.3.2}% 53
\BOOKMARK [3][-]{subsubsection.3.3.2.38}{\376\377\0003\000.\0003\000.\0002\000.\0003\0008\000\040\000S\000t\000a\000r\000t\000\050\000\051}{subsection.3.3.2}% 54
\BOOKMARK [3][-]{subsubsection.3.3.2.39}{\376\377\0003\000.\0003\000.\0002\000.\0003\0009\000\040\000S\000t\000a\000r\000t\000\050\000f\000l\000o\000a\000t\000\040\000d\000e\000l\000a\000y\000I\000n\000S\000e\000c\000o\000n\000d\000s\000\051}{subsection.3.3.2}% 55
\BOOKMARK [3][-]{subsubsection.3.3.2.40}{\376\377\0003\000.\0003\000.\0002\000.\0004\0000\000\040\000S\000t\000o\000p\000R\000e\000p\000e\000a\000t\000\050\000f\000l\000o\000a\000t\000\040\000d\000e\000l\000a\000y\000I\000n\000S\000e\000c\000o\000n\000d\000s\000\051}{subsection.3.3.2}% 56
\BOOKMARK [2][-]{subsection.3.3.3}{\376\377\0003\000.\0003\000.\0003\000\040\000P\000r\000o\000p\000e\000r\000t\000y\000\040\000D\000o\000c\000u\000m\000e\000n\000t\000a\000t\000i\000o\000n}{section.3.3}% 57
\BOOKMARK [3][-]{subsubsection.3.3.3.1}{\376\377\0003\000.\0003\000.\0003\000.\0001\000\040\000c\000o\000r\000o\000u\000t\000i\000n\000e}{subsection.3.3.3}% 58
\BOOKMARK [3][-]{subsubsection.3.3.3.2}{\376\377\0003\000.\0003\000.\0003\000.\0002\000\040\000i\000d}{subsection.3.3.3}% 59
\BOOKMARK [3][-]{subsubsection.3.3.3.3}{\376\377\0003\000.\0003\000.\0003\000.\0003\000\040\000j\000o\000b\000K\000i\000l\000l\000e\000d}{subsection.3.3.3}% 60
\BOOKMARK [3][-]{subsubsection.3.3.3.4}{\376\377\0003\000.\0003\000.\0003\000.\0004\000\040\000n\000u\000m\000O\000f\000T\000i\000m\000e\000s\000E\000x\000e\000c\000u\000t\000e\000d}{subsection.3.3.3}% 61
\BOOKMARK [3][-]{subsubsection.3.3.3.5}{\376\377\0003\000.\0003\000.\0003\000.\0005\000\040\000p\000a\000u\000s\000e\000d}{subsection.3.3.3}% 62
\BOOKMARK [3][-]{subsubsection.3.3.3.6}{\376\377\0003\000.\0003\000.\0003\000.\0006\000\040\000r\000e\000p\000e\000a\000t\000i\000n\000g}{subsection.3.3.3}% 63
\BOOKMARK [3][-]{subsubsection.3.3.3.7}{\376\377\0003\000.\0003\000.\0003\000.\0007\000\040\000r\000u\000n\000n\000i\000n\000g}{subsection.3.3.3}% 64
\BOOKMARK [1][-]{section.3.4}{\376\377\0003\000.\0004\000\040\000C\000M\000\137\000J\000o\000b\000E\000v\000e\000n\000t\000A\000r\000g\000s\000\040\000C\000l\000a\000s\000s\000\040\000R\000e\000f\000e\000r\000e\000n\000c\000e}{chapter.3}% 65
\BOOKMARK [2][-]{subsection.3.4.1}{\376\377\0003\000.\0004\000.\0001\000\040\000D\000e\000t\000a\000i\000l\000e\000d\000\040\000D\000e\000s\000c\000r\000i\000p\000t\000i\000o\000n}{section.3.4}% 66
\BOOKMARK [2][-]{subsection.3.4.2}{\376\377\0003\000.\0004\000.\0002\000\040\000C\000o\000n\000s\000t\000r\000u\000c\000t\000o\000r\000\040\000\046\000\040\000D\000e\000s\000t\000r\000u\000c\000t\000o\000r\000\040\000D\000o\000c\000u\000m\000e\000n\000t\000a\000t\000i\000o\000n}{section.3.4}% 67
\BOOKMARK [3][-]{subsubsection.3.4.2.1}{\376\377\0003\000.\0004\000.\0002\000.\0001\000\040\000C\000M\000\137\000J\000o\000b\000E\000v\000e\000n\000t\000A\000r\000g\000s\000\050\000C\000M\000\137\000J\000o\000b\000\040\000j\000o\000b\000,\000\040\000C\000M\000\137\000J\000o\000b\000[\000]\000\040\000c\000h\000i\000l\000d\000J\000o\000b\000s\000\051}{subsection.3.4.2}% 68
\BOOKMARK [2][-]{subsection.3.4.3}{\376\377\0003\000.\0004\000.\0003\000\040\000P\000r\000o\000p\000e\000r\000t\000y\000\040\000D\000o\000c\000u\000m\000e\000n\000t\000a\000t\000i\000o\000n}{section.3.4}% 69
\BOOKMARK [3][-]{subsubsection.3.4.3.1}{\376\377\0003\000.\0004\000.\0003\000.\0001\000\040\000c\000h\000i\000l\000d\000J\000o\000b\000s}{subsection.3.4.3}% 70
\BOOKMARK [3][-]{subsubsection.3.4.3.2}{\376\377\0003\000.\0004\000.\0003\000.\0002\000\040\000h\000a\000s\000C\000h\000i\000l\000d\000J\000o\000b\000s}{subsection.3.4.3}% 71
\BOOKMARK [3][-]{subsubsection.3.4.3.3}{\376\377\0003\000.\0004\000.\0003\000.\0003\000\040\000j\000o\000b}{subsection.3.4.3}% 72
\BOOKMARK [1][-]{section.3.5}{\376\377\0003\000.\0005\000\040\000C\000M\000\137\000J\000o\000b\000M\000a\000n\000a\000g\000e\000r\000\040\000C\000l\000a\000s\000s\000\040\000R\000e\000f\000e\000r\000e\000n\000c\000e}{chapter.3}% 73
\BOOKMARK [2][-]{subsection.3.5.1}{\376\377\0003\000.\0005\000.\0001\000\040\000D\000e\000t\000a\000i\000l\000e\000d\000\040\000D\000e\000s\000c\000r\000i\000p\000t\000i\000o\000n}{section.3.5}% 74
\BOOKMARK [2][-]{subsection.3.5.2}{\376\377\0003\000.\0005\000.\0002\000\040\000M\000e\000m\000b\000e\000r\000\040\000F\000u\000n\000c\000t\000i\000o\000n\000\040\000D\000o\000c\000u\000m\000e\000n\000t\000a\000t\000i\000o\000n}{section.3.5}% 75
\BOOKMARK [3][-]{subsubsection.3.5.2.1}{\376\377\0003\000.\0005\000.\0002\000.\0001\000\040\000A\000d\000d\000J\000o\000b\000\050\000C\000M\000\137\000J\000o\000b\000\040\000j\000o\000b\000\051}{subsection.3.5.2}% 76
\BOOKMARK [3][-]{subsubsection.3.5.2.2}{\376\377\0003\000.\0005\000.\0002\000.\0002\000\040\000A\000d\000d\000J\000o\000b\000\050\000s\000t\000r\000i\000n\000g\000\040\000i\000d\000,\000\040\000I\000E\000n\000u\000m\000e\000r\000a\000t\000o\000r\000\040\000r\000o\000u\000t\000i\000n\000e\000\051}{subsection.3.5.2}% 77
\BOOKMARK [3][-]{subsubsection.3.5.2.3}{\376\377\0003\000.\0005\000.\0002\000.\0003\000\040\000A\000d\000d\000J\000o\000b\000\050\000I\000L\000i\000s\000t\000<\000\040\000C\000M\000\137\000J\000o\000b\000\040\000>\000\040\000j\000o\000b\000s\000\051}{subsection.3.5.2}% 78
\BOOKMARK [3][-]{subsubsection.3.5.2.4}{\376\377\0003\000.\0005\000.\0002\000.\0004\000\040\000A\000d\000d\000J\000o\000b\000\050\000p\000a\000r\000a\000m\000s\000\040\000C\000M\000\137\000J\000o\000b\000[\000]\000\040\000j\000o\000b\000s\000\051}{subsection.3.5.2}% 79
\BOOKMARK [3][-]{subsubsection.3.5.2.5}{\376\377\0003\000.\0005\000.\0002\000.\0005\000\040\000C\000l\000e\000a\000r\000J\000o\000b\000L\000i\000s\000t\000\050\000\051}{subsection.3.5.2}% 80
\BOOKMARK [3][-]{subsubsection.3.5.2.6}{\376\377\0003\000.\0005\000.\0002\000.\0006\000\040\000H\000a\000s\000J\000o\000b\000\050\000s\000t\000r\000i\000n\000g\000\040\000i\000d\000\051}{subsection.3.5.2}% 81
\BOOKMARK [3][-]{subsubsection.3.5.2.7}{\376\377\0003\000.\0005\000.\0002\000.\0007\000\040\000I\000s\000R\000u\000n\000n\000i\000n\000g\000\050\000C\000M\000\137\000J\000o\000b\000\040\000j\000o\000b\000\051}{subsection.3.5.2}% 82
\BOOKMARK [3][-]{subsubsection.3.5.2.8}{\376\377\0003\000.\0005\000.\0002\000.\0008\000\040\000I\000s\000R\000u\000n\000n\000i\000n\000g\000\050\000s\000t\000r\000i\000n\000g\000\040\000i\000d\000\051}{subsection.3.5.2}% 83
\BOOKMARK [3][-]{subsubsection.3.5.2.9}{\376\377\0003\000.\0005\000.\0002\000.\0009\000\040\000K\000i\000l\000l\000A\000l\000l\000\050\000\051}{subsection.3.5.2}% 84
\BOOKMARK [3][-]{subsubsection.3.5.2.10}{\376\377\0003\000.\0005\000.\0002\000.\0001\0000\000\040\000K\000i\000l\000l\000A\000l\000l\000\050\000f\000l\000o\000a\000t\000\040\000d\000e\000l\000a\000y\000I\000n\000S\000e\000c\000o\000n\000d\000s\000\051}{subsection.3.5.2}% 85
\BOOKMARK [3][-]{subsubsection.3.5.2.11}{\376\377\0003\000.\0005\000.\0002\000.\0001\0001\000\040\000M\000a\000k\000e\000\050\000\051}{subsection.3.5.2}% 86
\BOOKMARK [3][-]{subsubsection.3.5.2.12}{\376\377\0003\000.\0005\000.\0002\000.\0001\0002\000\040\000N\000o\000t\000i\000f\000y\000O\000n\000A\000l\000l\000J\000o\000b\000s\000C\000l\000e\000a\000r\000e\000d\000\050\000E\000v\000e\000n\000t\000H\000a\000n\000d\000l\000e\000r\000<\000\040\000C\000M\000\137\000J\000o\000b\000M\000a\000n\000a\000g\000e\000r\000E\000v\000e\000n\000t\000A\000r\000g\000s\000\040\000>\000\040\000e\000\051}{subsection.3.5.2}% 87
\BOOKMARK [3][-]{subsubsection.3.5.2.13}{\376\377\0003\000.\0005\000.\0002\000.\0001\0003\000\040\000N\000o\000t\000i\000f\000y\000O\000n\000A\000l\000l\000J\000o\000b\000s\000K\000i\000l\000l\000e\000d\000\050\000E\000v\000e\000n\000t\000H\000a\000n\000d\000l\000e\000r\000<\000\040\000C\000M\000\137\000J\000o\000b\000M\000a\000n\000a\000g\000e\000r\000E\000v\000e\000n\000t\000A\000r\000g\000s\000\040\000>\000\040\000e\000\051}{subsection.3.5.2}% 88
\BOOKMARK [3][-]{subsubsection.3.5.2.14}{\376\377\0003\000.\0005\000.\0002\000.\0001\0004\000\040\000N\000o\000t\000i\000f\000y\000O\000n\000A\000l\000l\000J\000o\000b\000s\000P\000a\000u\000s\000e\000d\000\050\000E\000v\000e\000n\000t\000H\000a\000n\000d\000l\000e\000r\000<\000\040\000C\000M\000\137\000J\000o\000b\000M\000a\000n\000a\000g\000e\000r\000E\000v\000e\000n\000t\000A\000r\000g\000s\000\040\000>\000\040\000e\000\051}{subsection.3.5.2}% 89
\BOOKMARK [3][-]{subsubsection.3.5.2.15}{\376\377\0003\000.\0005\000.\0002\000.\0001\0005\000\040\000N\000o\000t\000i\000f\000y\000O\000n\000A\000l\000l\000J\000o\000b\000s\000R\000e\000s\000u\000m\000e\000d\000\050\000E\000v\000e\000n\000t\000H\000a\000n\000d\000l\000e\000r\000<\000\040\000C\000M\000\137\000J\000o\000b\000M\000a\000n\000a\000g\000e\000r\000E\000v\000e\000n\000t\000A\000r\000g\000s\000\040\000>\000\040\000e\000\051}{subsection.3.5.2}% 90
\BOOKMARK [3][-]{subsubsection.3.5.2.16}{\376\377\0003\000.\0005\000.\0002\000.\0001\0006\000\040\000N\000o\000t\000i\000f\000y\000O\000n\000J\000o\000b\000A\000d\000d\000e\000d\000\050\000E\000v\000e\000n\000t\000H\000a\000n\000d\000l\000e\000r\000<\000\040\000C\000M\000\137\000J\000o\000b\000M\000a\000n\000a\000g\000e\000r\000J\000o\000b\000E\000d\000i\000t\000e\000d\000E\000v\000e\000n\000t\000A\000r\000g\000s\000\040\000>\000\040\000e\000\051}{subsection.3.5.2}% 91
\BOOKMARK [3][-]{subsubsection.3.5.2.17}{\376\377\0003\000.\0005\000.\0002\000.\0001\0007\000\040\000N\000o\000t\000i\000f\000y\000O\000n\000J\000o\000b\000R\000e\000m\000o\000v\000e\000d\000\050\000E\000v\000e\000n\000t\000H\000a\000n\000d\000l\000e\000r\000<\000\040\000C\000M\000\137\000J\000o\000b\000M\000a\000n\000a\000g\000e\000r\000J\000o\000b\000E\000d\000i\000t\000e\000d\000E\000v\000e\000n\000t\000A\000r\000g\000s\000\040\000>\000\040\000e\000\051}{subsection.3.5.2}% 92
\BOOKMARK [3][-]{subsubsection.3.5.2.18}{\376\377\0003\000.\0005\000.\0002\000.\0001\0008\000\040\000O\000n\000A\000l\000l\000J\000o\000b\000s\000C\000l\000e\000a\000r\000e\000d\000\050\000C\000M\000\137\000J\000o\000b\000M\000a\000n\000a\000g\000e\000r\000E\000v\000e\000n\000t\000A\000r\000g\000s\000\040\000e\000\051}{subsection.3.5.2}% 93
\BOOKMARK [3][-]{subsubsection.3.5.2.19}{\376\377\0003\000.\0005\000.\0002\000.\0001\0009\000\040\000O\000n\000A\000l\000l\000J\000o\000b\000s\000K\000i\000l\000l\000e\000d\000\050\000C\000M\000\137\000J\000o\000b\000M\000a\000n\000a\000g\000e\000r\000E\000v\000e\000n\000t\000A\000r\000g\000s\000\040\000e\000\051}{subsection.3.5.2}% 94
\BOOKMARK [3][-]{subsubsection.3.5.2.20}{\376\377\0003\000.\0005\000.\0002\000.\0002\0000\000\040\000O\000n\000A\000l\000l\000J\000o\000b\000s\000P\000a\000u\000s\000e\000d\000\050\000C\000M\000\137\000J\000o\000b\000M\000a\000n\000a\000g\000e\000r\000E\000v\000e\000n\000t\000A\000r\000g\000s\000\040\000e\000\051}{subsection.3.5.2}% 95
\BOOKMARK [3][-]{subsubsection.3.5.2.21}{\376\377\0003\000.\0005\000.\0002\000.\0002\0001\000\040\000O\000n\000A\000l\000l\000J\000o\000b\000s\000R\000e\000s\000u\000m\000e\000d\000\050\000C\000M\000\137\000J\000o\000b\000M\000a\000n\000a\000g\000e\000r\000E\000v\000e\000n\000t\000A\000r\000g\000s\000\040\000e\000\051}{subsection.3.5.2}% 96
\BOOKMARK [3][-]{subsubsection.3.5.2.22}{\376\377\0003\000.\0005\000.\0002\000.\0002\0002\000\040\000O\000n\000J\000o\000b\000A\000d\000d\000e\000d\000\050\000C\000M\000\137\000J\000o\000b\000M\000a\000n\000a\000g\000e\000r\000J\000o\000b\000E\000d\000i\000t\000e\000d\000E\000v\000e\000n\000t\000A\000r\000g\000s\000\040\000e\000\051}{subsection.3.5.2}% 97
\BOOKMARK [3][-]{subsubsection.3.5.2.23}{\376\377\0003\000.\0005\000.\0002\000.\0002\0003\000\040\000O\000n\000J\000o\000b\000R\000e\000m\000o\000v\000e\000d\000\050\000C\000M\000\137\000J\000o\000b\000M\000a\000n\000a\000g\000e\000r\000J\000o\000b\000E\000d\000i\000t\000e\000d\000E\000v\000e\000n\000t\000A\000r\000g\000s\000\040\000e\000\051}{subsection.3.5.2}% 98
\BOOKMARK [3][-]{subsubsection.3.5.2.24}{\376\377\0003\000.\0005\000.\0002\000.\0002\0004\000\040\000P\000a\000u\000s\000e\000A\000l\000l\000\050\000\051}{subsection.3.5.2}% 99
\BOOKMARK [3][-]{subsubsection.3.5.2.25}{\376\377\0003\000.\0005\000.\0002\000.\0002\0005\000\040\000P\000a\000u\000s\000e\000A\000l\000l\000\050\000f\000l\000o\000a\000t\000\040\000d\000e\000l\000a\000y\000I\000n\000S\000e\000c\000o\000n\000d\000s\000\051}{subsection.3.5.2}% 100
\BOOKMARK [3][-]{subsubsection.3.5.2.26}{\376\377\0003\000.\0005\000.\0002\000.\0002\0006\000\040\000P\000a\000u\000s\000e\000C\000o\000r\000o\000u\000t\000i\000n\000e\000\050\000C\000M\000\137\000J\000o\000b\000\040\000j\000o\000b\000\051}{subsection.3.5.2}% 101
\BOOKMARK [3][-]{subsubsection.3.5.2.27}{\376\377\0003\000.\0005\000.\0002\000.\0002\0007\000\040\000P\000a\000u\000s\000e\000C\000o\000r\000o\000u\000t\000i\000n\000e\000\050\000s\000t\000r\000i\000n\000g\000\040\000i\000d\000\051}{subsection.3.5.2}% 102
\BOOKMARK [3][-]{subsubsection.3.5.2.28}{\376\377\0003\000.\0005\000.\0002\000.\0002\0008\000\040\000R\000e\000m\000o\000v\000e\000J\000o\000b\000\050\000C\000M\000\137\000J\000o\000b\000\040\000j\000o\000b\000\051}{subsection.3.5.2}% 103
\BOOKMARK [3][-]{subsubsection.3.5.2.29}{\376\377\0003\000.\0005\000.\0002\000.\0002\0009\000\040\000R\000e\000m\000o\000v\000e\000J\000o\000b\000\050\000s\000t\000r\000i\000n\000g\000\040\000i\000d\000\051}{subsection.3.5.2}% 104
\BOOKMARK [3][-]{subsubsection.3.5.2.30}{\376\377\0003\000.\0005\000.\0002\000.\0003\0000\000\040\000R\000e\000m\000o\000v\000e\000N\000o\000t\000i\000f\000y\000O\000n\000A\000l\000l\000J\000o\000b\000s\000C\000l\000e\000a\000r\000e\000d\000\050\000E\000v\000e\000n\000t\000H\000a\000n\000d\000l\000e\000r\000<\000\040\000C\000M\000\137\000J\000o\000b\000M\000a\000n\000a\000g\000e\000r\000E\000v\000e\000n\000t\000A\000r\000g\000s\000\040\000>\000\040\000e\000\051}{subsection.3.5.2}% 105
\BOOKMARK [3][-]{subsubsection.3.5.2.31}{\376\377\0003\000.\0005\000.\0002\000.\0003\0001\000\040\000R\000e\000m\000o\000v\000e\000N\000o\000t\000i\000f\000y\000O\000n\000A\000l\000l\000J\000o\000b\000s\000K\000i\000l\000l\000e\000d\000\050\000E\000v\000e\000n\000t\000H\000a\000n\000d\000l\000e\000r\000<\000\040\000C\000M\000\137\000J\000o\000b\000M\000a\000n\000a\000g\000e\000r\000E\000v\000e\000n\000t\000A\000r\000g\000s\000\040\000>\000\040\000e\000\051}{subsection.3.5.2}% 106
\BOOKMARK [3][-]{subsubsection.3.5.2.32}{\376\377\0003\000.\0005\000.\0002\000.\0003\0002\000\040\000R\000e\000m\000o\000v\000e\000N\000o\000t\000i\000f\000y\000O\000n\000A\000l\000l\000J\000o\000b\000s\000P\000a\000u\000s\000e\000d\000\050\000E\000v\000e\000n\000t\000H\000a\000n\000d\000l\000e\000r\000<\000\040\000C\000M\000\137\000J\000o\000b\000M\000a\000n\000a\000g\000e\000r\000E\000v\000e\000n\000t\000A\000r\000g\000s\000\040\000>\000\040\000e\000\051}{subsection.3.5.2}% 107
\BOOKMARK [3][-]{subsubsection.3.5.2.33}{\376\377\0003\000.\0005\000.\0002\000.\0003\0003\000\040\000R\000e\000m\000o\000v\000e\000N\000o\000t\000i\000f\000y\000O\000n\000A\000l\000l\000J\000o\000b\000s\000R\000e\000s\000u\000m\000e\000d\000\050\000E\000v\000e\000n\000t\000H\000a\000n\000d\000l\000e\000r\000<\000\040\000C\000M\000\137\000J\000o\000b\000M\000a\000n\000a\000g\000e\000r\000E\000v\000e\000n\000t\000A\000r\000g\000s\000\040\000>\000\040\000e\000\051}{subsection.3.5.2}% 108
\BOOKMARK [3][-]{subsubsection.3.5.2.34}{\376\377\0003\000.\0005\000.\0002\000.\0003\0004\000\040\000R\000e\000m\000o\000v\000e\000N\000o\000t\000i\000f\000y\000O\000n\000J\000o\000b\000A\000d\000d\000e\000d\000\050\000E\000v\000e\000n\000t\000H\000a\000n\000d\000l\000e\000r\000<\000\040\000C\000M\000\137\000J\000o\000b\000M\000a\000n\000a\000g\000e\000r\000J\000o\000b\000E\000d\000i\000t\000e\000d\000E\000v\000e\000n\000t\000A\000r\000g\000s\000\040\000>\000\040\000e\000\051}{subsection.3.5.2}% 109
\BOOKMARK [3][-]{subsubsection.3.5.2.35}{\376\377\0003\000.\0005\000.\0002\000.\0003\0005\000\040\000R\000e\000m\000o\000v\000e\000N\000o\000t\000i\000f\000y\000O\000n\000J\000o\000b\000R\000e\000m\000o\000v\000e\000d\000\050\000E\000v\000e\000n\000t\000H\000a\000n\000d\000l\000e\000r\000<\000\040\000C\000M\000\137\000J\000o\000b\000M\000a\000n\000a\000g\000e\000r\000J\000o\000b\000E\000d\000i\000t\000e\000d\000E\000v\000e\000n\000t\000A\000r\000g\000s\000\040\000>\000\040\000e\000\051}{subsection.3.5.2}% 110
\BOOKMARK [3][-]{subsubsection.3.5.2.36}{\376\377\0003\000.\0005\000.\0002\000.\0003\0006\000\040\000R\000e\000s\000u\000m\000e\000A\000l\000l\000\050\000\051}{subsection.3.5.2}% 111
\BOOKMARK [3][-]{subsubsection.3.5.2.37}{\376\377\0003\000.\0005\000.\0002\000.\0003\0007\000\040\000R\000e\000s\000u\000m\000e\000A\000l\000l\000\050\000f\000l\000o\000a\000t\000\040\000d\000e\000l\000a\000y\000I\000n\000S\000e\000c\000o\000n\000d\000s\000\051}{subsection.3.5.2}% 112
\BOOKMARK [3][-]{subsubsection.3.5.2.38}{\376\377\0003\000.\0005\000.\0002\000.\0003\0008\000\040\000R\000e\000s\000u\000m\000e\000C\000o\000r\000o\000u\000t\000i\000n\000e\000\050\000C\000M\000\137\000J\000o\000b\000\040\000j\000o\000b\000\051}{subsection.3.5.2}% 113
\BOOKMARK [3][-]{subsubsection.3.5.2.39}{\376\377\0003\000.\0005\000.\0002\000.\0003\0009\000\040\000R\000e\000s\000u\000m\000e\000C\000o\000r\000o\000u\000t\000i\000n\000e\000\050\000s\000t\000r\000i\000n\000g\000\040\000i\000d\000\051}{subsection.3.5.2}% 114
\BOOKMARK [3][-]{subsubsection.3.5.2.40}{\376\377\0003\000.\0005\000.\0002\000.\0004\0000\000\040\000S\000t\000a\000r\000t\000A\000l\000l\000\050\000\051}{subsection.3.5.2}% 115
\BOOKMARK [3][-]{subsubsection.3.5.2.41}{\376\377\0003\000.\0005\000.\0002\000.\0004\0001\000\040\000S\000t\000a\000r\000t\000A\000l\000l\000\050\000f\000l\000o\000a\000t\000\040\000d\000e\000l\000a\000y\000I\000n\000S\000e\000c\000o\000n\000d\000s\000\051}{subsection.3.5.2}% 116
\BOOKMARK [3][-]{subsubsection.3.5.2.42}{\376\377\0003\000.\0005\000.\0002\000.\0004\0002\000\040\000S\000t\000a\000r\000t\000C\000o\000r\000o\000u\000t\000i\000n\000e\000\050\000C\000M\000\137\000J\000o\000b\000\040\000j\000o\000b\000\051}{subsection.3.5.2}% 117
\BOOKMARK [3][-]{subsubsection.3.5.2.43}{\376\377\0003\000.\0005\000.\0002\000.\0004\0003\000\040\000S\000t\000a\000r\000t\000C\000o\000r\000o\000u\000t\000i\000n\000e\000\050\000s\000t\000r\000i\000n\000g\000\040\000i\000d\000\051}{subsection.3.5.2}% 118
\BOOKMARK [3][-]{subsubsection.3.5.2.44}{\376\377\0003\000.\0005\000.\0002\000.\0004\0004\000\040\000S\000t\000o\000p\000C\000o\000r\000o\000u\000t\000i\000n\000e\000\050\000C\000M\000\137\000J\000o\000b\000\040\000j\000o\000b\000\051}{subsection.3.5.2}% 119
\BOOKMARK [3][-]{subsubsection.3.5.2.45}{\376\377\0003\000.\0005\000.\0002\000.\0004\0005\000\040\000S\000t\000o\000p\000C\000o\000r\000o\000u\000t\000i\000n\000e\000\050\000s\000t\000r\000i\000n\000g\000\040\000i\000d\000\051}{subsection.3.5.2}% 120
\BOOKMARK [2][-]{subsection.3.5.3}{\376\377\0003\000.\0005\000.\0003\000\040\000E\000v\000e\000n\000t\000\040\000D\000o\000c\000u\000m\000e\000n\000t\000a\000t\000i\000o\000n}{section.3.5}% 121
\BOOKMARK [3][-]{subsubsection.3.5.3.1}{\376\377\0003\000.\0005\000.\0003\000.\0001\000\040\000a\000l\000l\000J\000o\000b\000s\000C\000l\000e\000a\000r\000e\000d}{subsection.3.5.3}% 122
\BOOKMARK [3][-]{subsubsection.3.5.3.2}{\376\377\0003\000.\0005\000.\0003\000.\0002\000\040\000a\000l\000l\000J\000o\000b\000s\000K\000i\000l\000l\000e\000d}{subsection.3.5.3}% 123
\BOOKMARK [3][-]{subsubsection.3.5.3.3}{\376\377\0003\000.\0005\000.\0003\000.\0003\000\040\000a\000l\000l\000J\000o\000b\000s\000P\000a\000u\000s\000e\000d}{subsection.3.5.3}% 124
\BOOKMARK [3][-]{subsubsection.3.5.3.4}{\376\377\0003\000.\0005\000.\0003\000.\0004\000\040\000a\000l\000l\000J\000o\000b\000s\000R\000e\000s\000u\000m\000e\000d}{subsection.3.5.3}% 125
\BOOKMARK [3][-]{subsubsection.3.5.3.5}{\376\377\0003\000.\0005\000.\0003\000.\0005\000\040\000j\000o\000b\000A\000d\000d\000e\000d}{subsection.3.5.3}% 126
\BOOKMARK [3][-]{subsubsection.3.5.3.6}{\376\377\0003\000.\0005\000.\0003\000.\0006\000\040\000j\000o\000b\000R\000e\000m\000o\000v\000e\000d}{subsection.3.5.3}% 127
\BOOKMARK [1][-]{section.3.6}{\376\377\0003\000.\0006\000\040\000C\000M\000\137\000J\000o\000b\000M\000a\000n\000a\000g\000e\000r\000E\000v\000e\000n\000t\000A\000r\000g\000s\000\040\000C\000l\000a\000s\000s\000\040\000R\000e\000f\000e\000r\000e\000n\000c\000e}{chapter.3}% 128
\BOOKMARK [2][-]{subsection.3.6.1}{\376\377\0003\000.\0006\000.\0001\000\040\000D\000e\000t\000a\000i\000l\000e\000d\000\040\000D\000e\000s\000c\000r\000i\000p\000t\000i\000o\000n}{section.3.6}% 129
\BOOKMARK [2][-]{subsection.3.6.2}{\376\377\0003\000.\0006\000.\0002\000\040\000C\000o\000n\000s\000t\000r\000u\000c\000t\000o\000r\000\040\000\046\000\040\000D\000e\000s\000t\000r\000u\000c\000t\000o\000r\000\040\000D\000o\000c\000u\000m\000e\000n\000t\000a\000t\000i\000o\000n}{section.3.6}% 130
\BOOKMARK [3][-]{subsubsection.3.6.2.1}{\376\377\0003\000.\0006\000.\0002\000.\0001\000\040\000C\000M\000\137\000J\000o\000b\000M\000a\000n\000a\000g\000e\000r\000E\000v\000e\000n\000t\000A\000r\000g\000s\000\050\000D\000i\000c\000t\000i\000o\000n\000a\000r\000y\000<\000\040\000s\000t\000r\000i\000n\000g\000,\000\040\000C\000M\000\137\000J\000o\000b\000\040\000>\000\040\000o\000w\000n\000e\000d\000J\000o\000b\000s\000\051}{subsection.3.6.2}% 131
\BOOKMARK [2][-]{subsection.3.6.3}{\376\377\0003\000.\0006\000.\0003\000\040\000P\000r\000o\000p\000e\000r\000t\000y\000\040\000D\000o\000c\000u\000m\000e\000n\000t\000a\000t\000i\000o\000n}{section.3.6}% 132
\BOOKMARK [3][-]{subsubsection.3.6.3.1}{\376\377\0003\000.\0006\000.\0003\000.\0001\000\040\000o\000w\000n\000e\000d\000J\000o\000b\000s}{subsection.3.6.3}% 133
\BOOKMARK [3][-]{subsubsection.3.6.3.2}{\376\377\0003\000.\0006\000.\0003\000.\0002\000\040\000p\000a\000u\000s\000e\000d\000J\000o\000b\000s}{subsection.3.6.3}% 134
\BOOKMARK [3][-]{subsubsection.3.6.3.3}{\376\377\0003\000.\0006\000.\0003\000.\0003\000\040\000r\000u\000n\000n\000i\000n\000g\000J\000o\000b\000s}{subsection.3.6.3}% 135
\BOOKMARK [1][-]{section.3.7}{\376\377\0003\000.\0007\000\040\000C\000M\000\137\000J\000o\000b\000M\000a\000n\000a\000g\000e\000r\000J\000o\000b\000E\000d\000i\000t\000e\000d\000E\000v\000e\000n\000t\000A\000r\000g\000s\000\040\000C\000l\000a\000s\000s\000\040\000R\000e\000f\000e\000r\000e\000n\000c\000e}{chapter.3}% 136
\BOOKMARK [2][-]{subsection.3.7.1}{\376\377\0003\000.\0007\000.\0001\000\040\000D\000e\000t\000a\000i\000l\000e\000d\000\040\000D\000e\000s\000c\000r\000i\000p\000t\000i\000o\000n}{section.3.7}% 137
\BOOKMARK [2][-]{subsection.3.7.2}{\376\377\0003\000.\0007\000.\0002\000\040\000C\000o\000n\000s\000t\000r\000u\000c\000t\000o\000r\000\040\000\046\000\040\000D\000e\000s\000t\000r\000u\000c\000t\000o\000r\000\040\000D\000o\000c\000u\000m\000e\000n\000t\000a\000t\000i\000o\000n}{section.3.7}% 138
\BOOKMARK [3][-]{subsubsection.3.7.2.1}{\376\377\0003\000.\0007\000.\0002\000.\0001\000\040\000C\000M\000\137\000J\000o\000b\000M\000a\000n\000a\000g\000e\000r\000J\000o\000b\000E\000d\000i\000t\000e\000d\000E\000v\000e\000n\000t\000A\000r\000g\000s\000\050\000D\000i\000c\000t\000i\000o\000n\000a\000r\000y\000<\000\040\000s\000t\000r\000i\000n\000g\000,\000\040\000C\000M\000\137\000J\000o\000b\000\040\000>\000\040\000o\000w\000n\000e\000d\000J\000o\000b\000s\000,\000\040\000C\000M\000\137\000J\000o\000b\000\040\000j\000o\000b\000E\000d\000i\000t\000e\000d\000\051}{subsection.3.7.2}% 139
\BOOKMARK [2][-]{subsection.3.7.3}{\376\377\0003\000.\0007\000.\0003\000\040\000P\000r\000o\000p\000e\000r\000t\000y\000\040\000D\000o\000c\000u\000m\000e\000n\000t\000a\000t\000i\000o\000n}{section.3.7}% 140
\BOOKMARK [3][-]{subsubsection.3.7.3.1}{\376\377\0003\000.\0007\000.\0003\000.\0001\000\040\000j\000o\000b\000E\000d\000i\000t\000e\000d}{subsection.3.7.3}% 141
\BOOKMARK [3][-]{subsubsection.3.7.3.2}{\376\377\0003\000.\0007\000.\0003\000.\0002\000\040\000o\000t\000h\000e\000r\000A\000r\000g\000s}{subsection.3.7.3}% 142
\BOOKMARK [1][-]{section.3.8}{\376\377\0003\000.\0008\000\040\000C\000M\000\137\000J\000o\000b\000Q\000u\000e\000u\000e\000\040\000C\000l\000a\000s\000s\000\040\000R\000e\000f\000e\000r\000e\000n\000c\000e}{chapter.3}% 143
\BOOKMARK [2][-]{subsection.3.8.1}{\376\377\0003\000.\0008\000.\0001\000\040\000D\000e\000t\000a\000i\000l\000e\000d\000\040\000D\000e\000s\000c\000r\000i\000p\000t\000i\000o\000n}{section.3.8}% 144
\BOOKMARK [2][-]{subsection.3.8.2}{\376\377\0003\000.\0008\000.\0002\000\040\000M\000e\000m\000b\000e\000r\000\040\000F\000u\000n\000c\000t\000i\000o\000n\000\040\000D\000o\000c\000u\000m\000e\000n\000t\000a\000t\000i\000o\000n}{section.3.8}% 145
\BOOKMARK [3][-]{subsubsection.3.8.2.1}{\376\377\0003\000.\0008\000.\0002\000.\0001\000\040\000C\000l\000o\000n\000e\000\050\000\051}{subsection.3.8.2}% 146
\BOOKMARK [3][-]{subsubsection.3.8.2.2}{\376\377\0003\000.\0008\000.\0002\000.\0002\000\040\000C\000l\000o\000n\000e\000\050\000i\000n\000t\000\040\000n\000u\000m\000O\000f\000C\000o\000p\000i\000e\000s\000\051}{subsection.3.8.2}% 147
\BOOKMARK [3][-]{subsubsection.3.8.2.3}{\376\377\0003\000.\0008\000.\0002\000.\0003\000\040\000C\000o\000n\000t\000i\000n\000o\000u\000s\000R\000u\000n\000n\000i\000n\000g\000\050\000\051}{subsection.3.8.2}% 148
\BOOKMARK [3][-]{subsubsection.3.8.2.4}{\376\377\0003\000.\0008\000.\0002\000.\0004\000\040\000E\000n\000q\000u\000e\000u\000e\000\050\000C\000M\000\137\000J\000o\000b\000Q\000u\000e\000u\000e\000\040\000o\000t\000h\000e\000r\000\051}{subsection.3.8.2}% 149
\BOOKMARK [3][-]{subsubsection.3.8.2.5}{\376\377\0003\000.\0008\000.\0002\000.\0005\000\040\000E\000n\000q\000u\000e\000u\000e\000\050\000p\000a\000r\000a\000m\000s\000\040\000C\000M\000\137\000J\000o\000b\000[\000]\000\040\000j\000o\000b\000s\000\051}{subsection.3.8.2}% 150
\BOOKMARK [3][-]{subsubsection.3.8.2.6}{\376\377\0003\000.\0008\000.\0002\000.\0006\000\040\000E\000n\000q\000u\000e\000u\000e\000\050\000I\000L\000i\000s\000t\000<\000\040\000C\000M\000\137\000J\000o\000b\000\040\000>\000\040\000j\000o\000b\000s\000\051}{subsection.3.8.2}% 151
\BOOKMARK [3][-]{subsubsection.3.8.2.7}{\376\377\0003\000.\0008\000.\0002\000.\0007\000\040\000E\000n\000q\000u\000e\000u\000e\000\050\000s\000t\000r\000i\000n\000g\000\040\000i\000d\000,\000\040\000I\000E\000n\000u\000m\000e\000r\000a\000t\000o\000r\000\040\000r\000o\000u\000t\000i\000n\000e\000\051}{subsection.3.8.2}% 152
\BOOKMARK [3][-]{subsubsection.3.8.2.8}{\376\377\0003\000.\0008\000.\0002\000.\0008\000\040\000E\000n\000q\000u\000e\000u\000e\000\050\000I\000E\000n\000u\000m\000e\000r\000a\000t\000o\000r\000\040\000r\000o\000u\000t\000i\000n\000e\000\051}{subsection.3.8.2}% 153
\BOOKMARK [3][-]{subsubsection.3.8.2.9}{\376\377\0003\000.\0008\000.\0002\000.\0009\000\040\000E\000n\000q\000u\000e\000u\000e\000\050\000C\000M\000\137\000J\000o\000b\000\040\000j\000o\000b\000\051}{subsection.3.8.2}% 154
\BOOKMARK [3][-]{subsubsection.3.8.2.10}{\376\377\0003\000.\0008\000.\0002\000.\0001\0000\000\040\000H\000a\000n\000d\000l\000e\000j\000o\000b\000C\000o\000m\000p\000l\000e\000t\000e\000\050\000o\000b\000j\000e\000c\000t\000\040\000s\000e\000n\000d\000e\000r\000,\000\040\000C\000M\000\137\000J\000o\000b\000E\000v\000e\000n\000t\000A\000r\000g\000s\000\040\000e\000\051}{subsection.3.8.2}% 155
\BOOKMARK [3][-]{subsubsection.3.8.2.11}{\376\377\0003\000.\0008\000.\0002\000.\0001\0001\000\040\000K\000i\000l\000l\000A\000l\000l\000\050\000\051}{subsection.3.8.2}% 156
\BOOKMARK [3][-]{subsubsection.3.8.2.12}{\376\377\0003\000.\0008\000.\0002\000.\0001\0002\000\040\000K\000i\000l\000l\000A\000l\000l\000\050\000f\000l\000o\000a\000t\000\040\000d\000e\000l\000a\000y\000I\000n\000S\000e\000c\000o\000n\000d\000s\000\051}{subsection.3.8.2}% 157
\BOOKMARK [3][-]{subsubsection.3.8.2.13}{\376\377\0003\000.\0008\000.\0002\000.\0001\0003\000\040\000K\000i\000l\000l\000C\000u\000r\000r\000e\000n\000t\000\050\000\051}{subsection.3.8.2}% 158
\BOOKMARK [3][-]{subsubsection.3.8.2.14}{\376\377\0003\000.\0008\000.\0002\000.\0001\0004\000\040\000K\000i\000l\000l\000C\000u\000r\000r\000e\000n\000t\000\050\000f\000l\000o\000a\000t\000\040\000d\000e\000l\000a\000y\000I\000n\000S\000e\000c\000o\000n\000d\000s\000\051}{subsection.3.8.2}% 159
\BOOKMARK [3][-]{subsubsection.3.8.2.15}{\376\377\0003\000.\0008\000.\0002\000.\0001\0005\000\040\000M\000a\000k\000e\000\050\000\051}{subsection.3.8.2}% 160
\BOOKMARK [3][-]{subsubsection.3.8.2.16}{\376\377\0003\000.\0008\000.\0002\000.\0001\0006\000\040\000N\000o\000t\000i\000f\000y\000O\000n\000J\000o\000b\000P\000r\000o\000c\000e\000s\000s\000e\000d\000\050\000E\000v\000e\000n\000t\000H\000a\000n\000d\000l\000e\000r\000<\000\040\000C\000M\000\137\000Q\000u\000e\000u\000e\000E\000v\000e\000n\000t\000A\000r\000g\000s\000\040\000>\000\040\000e\000\051}{subsection.3.8.2}% 161
\BOOKMARK [3][-]{subsubsection.3.8.2.17}{\376\377\0003\000.\0008\000.\0002\000.\0001\0007\000\040\000N\000o\000t\000i\000f\000y\000O\000n\000Q\000u\000e\000u\000e\000C\000o\000m\000p\000l\000e\000t\000e\000\050\000E\000v\000e\000n\000t\000H\000a\000n\000d\000l\000e\000r\000<\000\040\000C\000M\000\137\000Q\000u\000e\000u\000e\000E\000v\000e\000n\000t\000A\000r\000g\000s\000\040\000>\000\040\000e\000\051}{subsection.3.8.2}% 162
\BOOKMARK [3][-]{subsubsection.3.8.2.18}{\376\377\0003\000.\0008\000.\0002\000.\0001\0008\000\040\000N\000o\000t\000i\000f\000y\000O\000n\000Q\000u\000e\000u\000e\000S\000t\000a\000r\000t\000e\000d\000\050\000E\000v\000e\000n\000t\000H\000a\000n\000d\000l\000e\000r\000<\000\040\000C\000M\000\137\000Q\000u\000e\000u\000e\000E\000v\000e\000n\000t\000A\000r\000g\000s\000\040\000>\000\040\000e\000\051}{subsection.3.8.2}% 163
\BOOKMARK [3][-]{subsubsection.3.8.2.19}{\376\377\0003\000.\0008\000.\0002\000.\0001\0009\000\040\000O\000n\000J\000o\000b\000P\000r\000o\000c\000e\000s\000s\000e\000d\000\050\000C\000M\000\137\000Q\000u\000e\000u\000e\000E\000v\000e\000n\000t\000A\000r\000g\000s\000\040\000e\000\051}{subsection.3.8.2}% 164
\BOOKMARK [3][-]{subsubsection.3.8.2.20}{\376\377\0003\000.\0008\000.\0002\000.\0002\0000\000\040\000O\000n\000Q\000u\000e\000u\000e\000C\000o\000m\000p\000l\000e\000t\000e\000\050\000C\000M\000\137\000Q\000u\000e\000u\000e\000E\000v\000e\000n\000t\000A\000r\000g\000s\000\040\000e\000\051}{subsection.3.8.2}% 165
\BOOKMARK [3][-]{subsubsection.3.8.2.21}{\376\377\0003\000.\0008\000.\0002\000.\0002\0001\000\040\000O\000n\000Q\000u\000e\000u\000e\000S\000t\000a\000r\000t\000e\000d\000\050\000C\000M\000\137\000Q\000u\000e\000u\000e\000E\000v\000e\000n\000t\000A\000r\000g\000s\000\040\000e\000\051}{subsection.3.8.2}% 166
\BOOKMARK [3][-]{subsubsection.3.8.2.22}{\376\377\0003\000.\0008\000.\0002\000.\0002\0002\000\040\000P\000a\000u\000s\000e\000\050\000\051}{subsection.3.8.2}% 167
\BOOKMARK [3][-]{subsubsection.3.8.2.23}{\376\377\0003\000.\0008\000.\0002\000.\0002\0003\000\040\000P\000a\000u\000s\000e\000\050\000f\000l\000o\000a\000t\000\040\000d\000e\000l\000a\000y\000I\000n\000S\000e\000c\000o\000n\000d\000s\000\051}{subsection.3.8.2}% 168
\BOOKMARK [3][-]{subsubsection.3.8.2.24}{\376\377\0003\000.\0008\000.\0002\000.\0002\0004\000\040\000R\000e\000m\000o\000v\000e\000N\000o\000t\000i\000f\000y\000O\000n\000J\000o\000b\000P\000r\000o\000c\000e\000s\000s\000e\000d\000\050\000E\000v\000e\000n\000t\000H\000a\000n\000d\000l\000e\000r\000<\000\040\000C\000M\000\137\000Q\000u\000e\000u\000e\000E\000v\000e\000n\000t\000A\000r\000g\000s\000\040\000>\000\040\000e\000\051}{subsection.3.8.2}% 169
\BOOKMARK [3][-]{subsubsection.3.8.2.25}{\376\377\0003\000.\0008\000.\0002\000.\0002\0005\000\040\000R\000e\000m\000o\000v\000e\000N\000o\000t\000i\000f\000y\000O\000n\000Q\000u\000e\000u\000e\000C\000o\000m\000p\000l\000e\000t\000e\000\050\000E\000v\000e\000n\000t\000H\000a\000n\000d\000l\000e\000r\000<\000\040\000C\000M\000\137\000Q\000u\000e\000u\000e\000E\000v\000e\000n\000t\000A\000r\000g\000s\000\040\000>\000\040\000e\000\051}{subsection.3.8.2}% 170
\BOOKMARK [3][-]{subsubsection.3.8.2.26}{\376\377\0003\000.\0008\000.\0002\000.\0002\0006\000\040\000R\000e\000m\000o\000v\000e\000N\000o\000t\000i\000f\000y\000O\000n\000Q\000u\000e\000u\000e\000S\000t\000a\000r\000t\000e\000d\000\050\000E\000v\000e\000n\000t\000H\000a\000n\000d\000l\000e\000r\000<\000\040\000C\000M\000\137\000Q\000u\000e\000u\000e\000E\000v\000e\000n\000t\000A\000r\000g\000s\000\040\000>\000\040\000e\000\051}{subsection.3.8.2}% 171
\BOOKMARK [3][-]{subsubsection.3.8.2.27}{\376\377\0003\000.\0008\000.\0002\000.\0002\0007\000\040\000R\000e\000p\000e\000a\000t\000\050\000\051}{subsection.3.8.2}% 172
\BOOKMARK [3][-]{subsubsection.3.8.2.28}{\376\377\0003\000.\0008\000.\0002\000.\0002\0008\000\040\000R\000e\000p\000e\000a\000t\000\050\000i\000n\000t\000\040\000n\000u\000m\000O\000f\000T\000i\000m\000e\000s\000\051}{subsection.3.8.2}% 173
\BOOKMARK [3][-]{subsubsection.3.8.2.29}{\376\377\0003\000.\0008\000.\0002\000.\0002\0009\000\040\000R\000e\000s\000u\000m\000e\000\050\000\051}{subsection.3.8.2}% 174
\BOOKMARK [3][-]{subsubsection.3.8.2.30}{\376\377\0003\000.\0008\000.\0002\000.\0003\0000\000\040\000R\000e\000s\000u\000m\000e\000\050\000f\000l\000o\000a\000t\000\040\000d\000e\000l\000a\000y\000I\000n\000S\000e\000c\000o\000n\000d\000s\000\051}{subsection.3.8.2}% 175
\BOOKMARK [3][-]{subsubsection.3.8.2.31}{\376\377\0003\000.\0008\000.\0002\000.\0003\0001\000\040\000S\000t\000a\000r\000t\000\050\000\051}{subsection.3.8.2}% 176
\BOOKMARK [3][-]{subsubsection.3.8.2.32}{\376\377\0003\000.\0008\000.\0002\000.\0003\0002\000\040\000S\000t\000a\000r\000t\000\050\000f\000l\000o\000a\000t\000\040\000d\000e\000l\000a\000y\000I\000n\000S\000e\000c\000o\000n\000d\000s\000\051}{subsection.3.8.2}% 177
\BOOKMARK [3][-]{subsubsection.3.8.2.33}{\376\377\0003\000.\0008\000.\0002\000.\0003\0003\000\040\000S\000t\000o\000p\000C\000o\000n\000t\000i\000n\000o\000u\000s\000R\000u\000n\000n\000i\000n\000g\000\050\000\051}{subsection.3.8.2}% 178
\BOOKMARK [3][-]{subsubsection.3.8.2.34}{\376\377\0003\000.\0008\000.\0002\000.\0003\0004\000\040\000S\000t\000o\000p\000R\000e\000p\000e\000a\000t\000\050\000\051}{subsection.3.8.2}% 179
\BOOKMARK [3][-]{subsubsection.3.8.2.35}{\376\377\0003\000.\0008\000.\0002\000.\0003\0005\000\040\000S\000t\000o\000p\000R\000e\000p\000e\000a\000t\000\050\000f\000l\000o\000a\000t\000\040\000d\000e\000l\000a\000y\000I\000n\000S\000e\000c\000o\000n\000d\000s\000\051}{subsection.3.8.2}% 180
\BOOKMARK [2][-]{subsection.3.8.3}{\376\377\0003\000.\0008\000.\0003\000\040\000P\000r\000o\000p\000e\000r\000t\000y\000\040\000D\000o\000c\000u\000m\000e\000n\000t\000a\000t\000i\000o\000n}{section.3.8}% 181
\BOOKMARK [3][-]{subsubsection.3.8.3.1}{\376\377\0003\000.\0008\000.\0003\000.\0001\000\040\000c\000o\000n\000t\000i\000n\000o\000u\000s\000R\000u\000n\000n\000i\000n\000g}{subsection.3.8.3}% 182
\BOOKMARK [3][-]{subsubsection.3.8.3.2}{\376\377\0003\000.\0008\000.\0003\000.\0002\000\040\000n\000u\000m\000O\000f\000T\000i\000m\000e\000s\000E\000x\000e\000c\000u\000t\000e\000d}{subsection.3.8.3}% 183
\BOOKMARK [3][-]{subsubsection.3.8.3.3}{\376\377\0003\000.\0008\000.\0003\000.\0003\000\040\000r\000e\000p\000e\000a\000t\000i\000n\000g}{subsection.3.8.3}% 184
\BOOKMARK [3][-]{subsubsection.3.8.3.4}{\376\377\0003\000.\0008\000.\0003\000.\0004\000\040\000r\000u\000n\000n\000i\000n\000g}{subsection.3.8.3}% 185
\BOOKMARK [2][-]{subsection.3.8.4}{\376\377\0003\000.\0008\000.\0004\000\040\000E\000v\000e\000n\000t\000\040\000D\000o\000c\000u\000m\000e\000n\000t\000a\000t\000i\000o\000n}{section.3.8}% 186
\BOOKMARK [3][-]{subsubsection.3.8.4.1}{\376\377\0003\000.\0008\000.\0004\000.\0001\000\040\000j\000o\000b\000P\000r\000o\000c\000e\000s\000s\000e\000d}{subsection.3.8.4}% 187
\BOOKMARK [3][-]{subsubsection.3.8.4.2}{\376\377\0003\000.\0008\000.\0004\000.\0002\000\040\000q\000u\000e\000u\000e\000C\000o\000m\000p\000l\000e\000t\000e}{subsection.3.8.4}% 188
\BOOKMARK [3][-]{subsubsection.3.8.4.3}{\376\377\0003\000.\0008\000.\0004\000.\0003\000\040\000q\000u\000e\000u\000e\000S\000t\000a\000r\000t\000e\000d}{subsection.3.8.4}% 189
\BOOKMARK [1][-]{section.3.9}{\376\377\0003\000.\0009\000\040\000C\000M\000\137\000L\000o\000g\000g\000e\000r\000\040\000C\000l\000a\000s\000s\000\040\000R\000e\000f\000e\000r\000e\000n\000c\000e}{chapter.3}% 190
\BOOKMARK [2][-]{subsection.3.9.1}{\376\377\0003\000.\0009\000.\0001\000\040\000D\000e\000t\000a\000i\000l\000e\000d\000\040\000D\000e\000s\000c\000r\000i\000p\000t\000i\000o\000n}{section.3.9}% 191
\BOOKMARK [2][-]{subsection.3.9.2}{\376\377\0003\000.\0009\000.\0002\000\040\000M\000e\000m\000b\000e\000r\000\040\000E\000n\000u\000m\000e\000r\000a\000t\000i\000o\000n\000\040\000D\000o\000c\000u\000m\000e\000n\000t\000a\000t\000i\000o\000n}{section.3.9}% 192
\BOOKMARK [3][-]{subsubsection.3.9.2.1}{\376\377\0003\000.\0009\000.\0002\000.\0001\000\040\000S\000t\000a\000t\000u\000s}{subsection.3.9.2}% 193
\BOOKMARK [2][-]{subsection.3.9.3}{\376\377\0003\000.\0009\000.\0003\000\040\000M\000e\000m\000b\000e\000r\000\040\000F\000u\000n\000c\000t\000i\000o\000n\000\040\000D\000o\000c\000u\000m\000e\000n\000t\000a\000t\000i\000o\000n}{section.3.9}% 194
\BOOKMARK [3][-]{subsubsection.3.9.3.1}{\376\377\0003\000.\0009\000.\0003\000.\0001\000\040\000L\000o\000g\000\050\000o\000b\000j\000e\000c\000t\000\040\000m\000e\000s\000s\000a\000g\000e\000\051}{subsection.3.9.3}% 195
\BOOKMARK [3][-]{subsubsection.3.9.3.2}{\376\377\0003\000.\0009\000.\0003\000.\0002\000\040\000L\000o\000g\000\050\000o\000b\000j\000e\000c\000t\000\040\000c\000o\000n\000t\000e\000x\000t\000,\000\040\000o\000b\000j\000e\000c\000t\000\040\000m\000e\000s\000s\000a\000g\000e\000\051}{subsection.3.9.3}% 196
\BOOKMARK [3][-]{subsubsection.3.9.3.3}{\376\377\0003\000.\0009\000.\0003\000.\0003\000\040\000L\000o\000g\000\050\000o\000b\000j\000e\000c\000t\000\040\000m\000e\000s\000s\000a\000g\000e\000,\000\040\000S\000t\000a\000t\000u\000s\000\040\000s\000t\000a\000t\000u\000s\000\051}{subsection.3.9.3}% 197
\BOOKMARK [1][-]{section.3.10}{\376\377\0003\000.\0001\0000\000\040\000C\000M\000\137\000Q\000u\000e\000u\000e\000E\000v\000e\000n\000t\000A\000r\000g\000s\000\040\000C\000l\000a\000s\000s\000\040\000R\000e\000f\000e\000r\000e\000n\000c\000e}{chapter.3}% 198
\BOOKMARK [2][-]{subsection.3.10.1}{\376\377\0003\000.\0001\0000\000.\0001\000\040\000D\000e\000t\000a\000i\000l\000e\000d\000\040\000D\000e\000s\000c\000r\000i\000p\000t\000i\000o\000n}{section.3.10}% 199
\BOOKMARK [2][-]{subsection.3.10.2}{\376\377\0003\000.\0001\0000\000.\0002\000\040\000C\000o\000n\000s\000t\000r\000u\000c\000t\000o\000r\000\040\000\046\000\040\000D\000e\000s\000t\000r\000u\000c\000t\000o\000r\000\040\000D\000o\000c\000u\000m\000e\000n\000t\000a\000t\000i\000o\000n}{section.3.10}% 200
\BOOKMARK [3][-]{subsubsection.3.10.2.1}{\376\377\0003\000.\0001\0000\000.\0002\000.\0001\000\040\000C\000M\000\137\000Q\000u\000e\000u\000e\000E\000v\000e\000n\000t\000A\000r\000g\000s\000\050\000C\000M\000\137\000J\000o\000b\000[\000]\000\040\000q\000u\000e\000u\000e\000d\000J\000o\000b\000s\000,\000\040\000C\000M\000\137\000J\000o\000b\000[\000]\000\040\000c\000o\000m\000p\000l\000e\000t\000e\000d\000J\000o\000b\000s\000,\000\040\000C\000M\000\137\000J\000o\000b\000Q\000u\000e\000u\000e\000\040\000j\000o\000b\000Q\000u\000e\000u\000e\000\051}{subsection.3.10.2}% 201
\BOOKMARK [2][-]{subsection.3.10.3}{\376\377\0003\000.\0001\0000\000.\0003\000\040\000P\000r\000o\000p\000e\000r\000t\000y\000\040\000D\000o\000c\000u\000m\000e\000n\000t\000a\000t\000i\000o\000n}{section.3.10}% 202
\BOOKMARK [3][-]{subsubsection.3.10.3.1}{\376\377\0003\000.\0001\0000\000.\0003\000.\0001\000\040\000c\000o\000m\000p\000l\000e\000t\000e\000d\000J\000o\000b\000s}{subsection.3.10.3}% 203
\BOOKMARK [3][-]{subsubsection.3.10.3.2}{\376\377\0003\000.\0001\0000\000.\0003\000.\0002\000\040\000h\000a\000s\000C\000o\000m\000p\000l\000e\000t\000e\000d\000J\000o\000b\000s}{subsection.3.10.3}% 204
\BOOKMARK [3][-]{subsubsection.3.10.3.3}{\376\377\0003\000.\0001\0000\000.\0003\000.\0003\000\040\000h\000a\000s\000J\000o\000b\000s\000I\000n\000Q\000u\000e\000u\000e}{subsection.3.10.3}% 205
\BOOKMARK [3][-]{subsubsection.3.10.3.4}{\376\377\0003\000.\0001\0000\000.\0003\000.\0004\000\040\000q\000u\000e\000u\000e\000d\000J\000o\000b\000s}{subsection.3.10.3}% 206
\BOOKMARK [1][-]{section.3.11}{\376\377\0003\000.\0001\0001\000\040\000C\000M\000\137\000S\000i\000n\000g\000l\000e\000t\000o\000n\000<\000\040\000T\000\040\000>\000\040\000C\000l\000a\000s\000s\000\040\000T\000e\000m\000p\000l\000a\000t\000e\000\040\000R\000e\000f\000e\000r\000e\000n\000c\000e}{chapter.3}% 207
\BOOKMARK [2][-]{subsection.3.11.1}{\376\377\0003\000.\0001\0001\000.\0001\000\040\000D\000e\000t\000a\000i\000l\000e\000d\000\040\000D\000e\000s\000c\000r\000i\000p\000t\000i\000o\000n}{section.3.11}% 208
\BOOKMARK [2][-]{subsection.3.11.2}{\376\377\0003\000.\0001\0001\000.\0002\000\040\000P\000r\000o\000p\000e\000r\000t\000y\000\040\000D\000o\000c\000u\000m\000e\000n\000t\000a\000t\000i\000o\000n}{section.3.11}% 209
\BOOKMARK [3][-]{subsubsection.3.11.2.1}{\376\377\0003\000.\0001\0001\000.\0002\000.\0001\000\040\000i\000n\000s\000t\000a\000n\000c\000e}{subsection.3.11.2}% 210
\BOOKMARK [3][-]{subsubsection.3.11.2.2}{\376\377\0003\000.\0001\0001\000.\0002\000.\0002\000\040\000I\000s\000D\000e\000s\000t\000r\000o\000y\000e\000d}{subsection.3.11.2}% 211
\BOOKMARK [1][-]{section.3.12}{\376\377\0003\000.\0001\0002\000\040\000E\000x\000a\000m\000p\000l\000e\000C\000h\000a\000r\000a\000c\000t\000e\000r\000D\000a\000m\000a\000g\000e\000\040\000C\000l\000a\000s\000s\000\040\000R\000e\000f\000e\000r\000e\000n\000c\000e}{chapter.3}% 212
\BOOKMARK [2][-]{subsection.3.12.1}{\376\377\0003\000.\0001\0002\000.\0001\000\040\000D\000e\000t\000a\000i\000l\000e\000d\000\040\000D\000e\000s\000c\000r\000i\000p\000t\000i\000o\000n}{section.3.12}% 213
\BOOKMARK [2][-]{subsection.3.12.2}{\376\377\0003\000.\0001\0002\000.\0002\000\040\000M\000e\000m\000b\000e\000r\000\040\000F\000u\000n\000c\000t\000i\000o\000n\000\040\000D\000o\000c\000u\000m\000e\000n\000t\000a\000t\000i\000o\000n}{section.3.12}% 214
\BOOKMARK [3][-]{subsubsection.3.12.2.1}{\376\377\0003\000.\0001\0002\000.\0002\000.\0001\000\040\000A\000d\000d\000A\000c\000t\000i\000o\000n\000T\000o\000Q\000u\000e\000u\000e\000\050\000C\000M\000\137\000J\000o\000b\000\040\000a\000c\000t\000i\000o\000n\000\051}{subsection.3.12.2}% 215
\BOOKMARK [3][-]{subsubsection.3.12.2.2}{\376\377\0003\000.\0001\0002\000.\0002\000.\0002\000\040\000A\000p\000p\000l\000y\000D\000a\000m\000a\000g\000e\000\050\000s\000t\000r\000i\000n\000g\000\040\000d\000a\000m\000a\000g\000e\000T\000y\000p\000e\000,\000\040\000f\000l\000o\000a\000t\000\040\000t\000i\000m\000e\000\051}{subsection.3.12.2}% 216
\BOOKMARK [3][-]{subsubsection.3.12.2.3}{\376\377\0003\000.\0001\0002\000.\0002\000.\0003\000\040\000R\000e\000s\000t\000o\000r\000e\000H\000e\000a\000l\000t\000h\000\050\000f\000l\000o\000a\000t\000\040\000t\000i\000m\000e\000\051}{subsection.3.12.2}% 217
\BOOKMARK [1][-]{section.3.13}{\376\377\0003\000.\0001\0003\000\040\000E\000x\000a\000m\000p\000l\000e\000C\000h\000a\000r\000a\000c\000t\000e\000r\000M\000o\000v\000e\000m\000e\000n\000t\000\040\000C\000l\000a\000s\000s\000\040\000R\000e\000f\000e\000r\000e\000n\000c\000e}{chapter.3}% 218
\BOOKMARK [2][-]{subsection.3.13.1}{\376\377\0003\000.\0001\0003\000.\0001\000\040\000D\000e\000t\000a\000i\000l\000e\000d\000\040\000D\000e\000s\000c\000r\000i\000p\000t\000i\000o\000n}{section.3.13}% 219
\BOOKMARK [2][-]{subsection.3.13.2}{\376\377\0003\000.\0001\0003\000.\0002\000\040\000M\000e\000m\000b\000e\000r\000\040\000D\000a\000t\000a\000\040\000D\000o\000c\000u\000m\000e\000n\000t\000a\000t\000i\000o\000n}{section.3.13}% 220
\BOOKMARK [3][-]{subsubsection.3.13.2.1}{\376\377\0003\000.\0001\0003\000.\0002\000.\0001\000\040\000m\000o\000v\000e\000S\000p\000e\000e\000d}{subsection.3.13.2}% 221
\BOOKMARK [1][-]{section.3.14}{\376\377\0003\000.\0001\0004\000\040\000E\000x\000a\000m\000p\000l\000e\000C\000o\000n\000t\000i\000n\000o\000u\000s\000S\000p\000a\000w\000n\000e\000r\000\040\000C\000l\000a\000s\000s\000\040\000R\000e\000f\000e\000r\000e\000n\000c\000e}{chapter.3}% 222
\BOOKMARK [2][-]{subsection.3.14.1}{\376\377\0003\000.\0001\0004\000.\0001\000\040\000D\000e\000t\000a\000i\000l\000e\000d\000\040\000D\000e\000s\000c\000r\000i\000p\000t\000i\000o\000n}{section.3.14}% 223
\BOOKMARK [2][-]{subsection.3.14.2}{\376\377\0003\000.\0001\0004\000.\0002\000\040\000M\000e\000m\000b\000e\000r\000\040\000D\000a\000t\000a\000\040\000D\000o\000c\000u\000m\000e\000n\000t\000a\000t\000i\000o\000n}{section.3.14}% 224
\BOOKMARK [3][-]{subsubsection.3.14.2.1}{\376\377\0003\000.\0001\0004\000.\0002\000.\0001\000\040\000n\000u\000m\000T\000o\000S\000p\000a\000w\000n}{subsection.3.14.2}% 225
\BOOKMARK [3][-]{subsubsection.3.14.2.2}{\376\377\0003\000.\0001\0004\000.\0002\000.\0002\000\040\000p\000r\000e\000f\000a\000b}{subsection.3.14.2}% 226
\BOOKMARK [3][-]{subsubsection.3.14.2.3}{\376\377\0003\000.\0001\0004\000.\0002\000.\0003\000\040\000t\000i\000m\000e\000B\000e\000t\000w\000e\000e\000n\000S\000p\000a\000w\000n\000s}{subsection.3.14.2}% 227
\BOOKMARK [1][-]{section.3.15}{\376\377\0003\000.\0001\0005\000\040\000E\000x\000a\000m\000p\000l\000e\000D\000a\000m\000a\000g\000e\000A\000p\000p\000l\000i\000e\000r\000\040\000C\000l\000a\000s\000s\000\040\000R\000e\000f\000e\000r\000e\000n\000c\000e}{chapter.3}% 228
\BOOKMARK [2][-]{subsection.3.15.1}{\376\377\0003\000.\0001\0005\000.\0001\000\040\000D\000e\000t\000a\000i\000l\000e\000d\000\040\000D\000e\000s\000c\000r\000i\000p\000t\000i\000o\000n}{section.3.15}% 229
\BOOKMARK [2][-]{subsection.3.15.2}{\376\377\0003\000.\0001\0005\000.\0002\000\040\000M\000e\000m\000b\000e\000r\000\040\000D\000a\000t\000a\000\040\000D\000o\000c\000u\000m\000e\000n\000t\000a\000t\000i\000o\000n}{section.3.15}% 230
\BOOKMARK [3][-]{subsubsection.3.15.2.1}{\376\377\0003\000.\0001\0005\000.\0002\000.\0001\000\040\000c\000h\000a\000r\000a\000c\000t\000e\000r}{subsection.3.15.2}% 231
\BOOKMARK [1][-]{section.3.16}{\376\377\0003\000.\0001\0006\000\040\000E\000x\000a\000m\000p\000l\000e\000G\000U\000I\000\040\000C\000l\000a\000s\000s\000\040\000R\000e\000f\000e\000r\000e\000n\000c\000e}{chapter.3}% 232
\BOOKMARK [2][-]{subsection.3.16.1}{\376\377\0003\000.\0001\0006\000.\0001\000\040\000D\000e\000t\000a\000i\000l\000e\000d\000\040\000D\000e\000s\000c\000r\000i\000p\000t\000i\000o\000n}{section.3.16}% 233
\BOOKMARK [2][-]{subsection.3.16.2}{\376\377\0003\000.\0001\0006\000.\0002\000\040\000M\000e\000m\000b\000e\000r\000\040\000D\000a\000t\000a\000\040\000D\000o\000c\000u\000m\000e\000n\000t\000a\000t\000i\000o\000n}{section.3.16}% 234
\BOOKMARK [3][-]{subsubsection.3.16.2.1}{\376\377\0003\000.\0001\0006\000.\0002\000.\0001\000\040\000t\000i\000t\000l\000e\000T\000e\000x\000t}{subsection.3.16.2}% 235
\BOOKMARK [1][-]{section.3.17}{\376\377\0003\000.\0001\0007\000\040\000E\000x\000a\000m\000p\000l\000e\000J\000o\000b\000M\000a\000n\000a\000g\000e\000r\000T\000e\000s\000t\000\040\000C\000l\000a\000s\000s\000\040\000R\000e\000f\000e\000r\000e\000n\000c\000e}{chapter.3}% 236
\BOOKMARK [2][-]{subsection.3.17.1}{\376\377\0003\000.\0001\0007\000.\0001\000\040\000D\000e\000t\000a\000i\000l\000e\000d\000\040\000D\000e\000s\000c\000r\000i\000p\000t\000i\000o\000n}{section.3.17}% 237
\BOOKMARK [2][-]{subsection.3.17.2}{\376\377\0003\000.\0001\0007\000.\0002\000\040\000M\000e\000m\000b\000e\000r\000\040\000F\000u\000n\000c\000t\000i\000o\000n\000\040\000D\000o\000c\000u\000m\000e\000n\000t\000a\000t\000i\000o\000n}{section.3.17}% 238
\BOOKMARK [3][-]{subsubsection.3.17.2.1}{\376\377\0003\000.\0001\0007\000.\0002\000.\0001\000\040\000D\000e\000l\000a\000y\000e\000d\000K\000i\000l\000l\000A\000l\000l\000T\000e\000s\000t\000\050\000\051}{subsection.3.17.2}% 239
\BOOKMARK [3][-]{subsubsection.3.17.2.2}{\376\377\0003\000.\0001\0007\000.\0002\000.\0002\000\040\000D\000e\000l\000a\000y\000e\000d\000P\000a\000u\000s\000e\000A\000l\000l\000T\000e\000s\000t\000\050\000\051}{subsection.3.17.2}% 240
\BOOKMARK [3][-]{subsubsection.3.17.2.3}{\376\377\0003\000.\0001\0007\000.\0002\000.\0003\000\040\000D\000e\000l\000a\000y\000e\000d\000R\000e\000s\000u\000m\000e\000A\000l\000l\000T\000e\000s\000t\000\050\000\051}{subsection.3.17.2}% 241
\BOOKMARK [3][-]{subsubsection.3.17.2.4}{\376\377\0003\000.\0001\0007\000.\0002\000.\0004\000\040\000G\000l\000o\000b\000a\000l\000J\000o\000b\000M\000a\000n\000a\000g\000e\000r\000E\000v\000e\000n\000t\000T\000e\000s\000t\000\050\000\051}{subsection.3.17.2}% 242
\BOOKMARK [3][-]{subsubsection.3.17.2.5}{\376\377\0003\000.\0001\0007\000.\0002\000.\0005\000\040\000G\000l\000o\000b\000a\000l\000J\000o\000b\000P\000a\000u\000s\000e\000T\000e\000s\000t\000\050\000\051}{subsection.3.17.2}% 243
\BOOKMARK [3][-]{subsubsection.3.17.2.6}{\376\377\0003\000.\0001\0007\000.\0002\000.\0006\000\040\000G\000l\000o\000b\000a\000l\000J\000o\000b\000R\000e\000s\000u\000m\000e\000T\000e\000s\000t\000\050\000\051}{subsection.3.17.2}% 244
\BOOKMARK [3][-]{subsubsection.3.17.2.7}{\376\377\0003\000.\0001\0007\000.\0002\000.\0007\000\040\000G\000l\000o\000b\000a\000l\000J\000o\000b\000S\000t\000a\000r\000t\000T\000e\000s\000t\000\050\000\051}{subsection.3.17.2}% 245
\BOOKMARK [3][-]{subsubsection.3.17.2.8}{\376\377\0003\000.\0001\0007\000.\0002\000.\0008\000\040\000G\000l\000o\000b\000a\000l\000J\000o\000b\000S\000t\000o\000p\000T\000e\000s\000t\000\050\000\051}{subsection.3.17.2}% 246
\BOOKMARK [3][-]{subsubsection.3.17.2.9}{\376\377\0003\000.\0001\0007\000.\0002\000.\0009\000\040\000G\000l\000o\000b\000a\000l\000S\000t\000a\000r\000t\000A\000l\000l\000T\000e\000s\000t\000\050\000\051}{subsection.3.17.2}% 247
\BOOKMARK [3][-]{subsubsection.3.17.2.10}{\376\377\0003\000.\0001\0007\000.\0002\000.\0001\0000\000\040\000L\000o\000c\000a\000l\000J\000o\000b\000M\000a\000n\000a\000g\000e\000r\000T\000e\000s\000t\000\050\000\051}{subsection.3.17.2}% 248
\BOOKMARK [1][-]{section.3.18}{\376\377\0003\000.\0001\0008\000\040\000E\000x\000a\000m\000p\000l\000e\000J\000o\000b\000Q\000u\000e\000u\000e\000T\000e\000s\000t\000\040\000C\000l\000a\000s\000s\000\040\000R\000e\000f\000e\000r\000e\000n\000c\000e}{chapter.3}% 249
\BOOKMARK [2][-]{subsection.3.18.1}{\376\377\0003\000.\0001\0008\000.\0001\000\040\000D\000e\000t\000a\000i\000l\000e\000d\000\040\000D\000e\000s\000c\000r\000i\000p\000t\000i\000o\000n}{section.3.18}% 250
\BOOKMARK [2][-]{subsection.3.18.2}{\376\377\0003\000.\0001\0008\000.\0002\000\040\000M\000e\000m\000b\000e\000r\000\040\000F\000u\000n\000c\000t\000i\000o\000n\000\040\000D\000o\000c\000u\000m\000e\000n\000t\000a\000t\000i\000o\000n}{section.3.18}% 251
\BOOKMARK [3][-]{subsubsection.3.18.2.1}{\376\377\0003\000.\0001\0008\000.\0002\000.\0001\000\040\000A\000d\000d\000L\000o\000c\000a\000l\000Q\000u\000e\000u\000e\000T\000o\000G\000l\000o\000b\000a\000l\000Q\000u\000e\000u\000e\000T\000e\000s\000t\000\050\000\051}{subsection.3.18.2}% 252
\BOOKMARK [3][-]{subsubsection.3.18.2.2}{\376\377\0003\000.\0001\0008\000.\0002\000.\0002\000\040\000A\000d\000d\000R\000e\000p\000e\000a\000t\000i\000n\000g\000J\000o\000b\000T\000o\000Q\000u\000e\000u\000e\000T\000e\000s\000t\000\050\000\051}{subsection.3.18.2}% 253
\BOOKMARK [3][-]{subsubsection.3.18.2.3}{\376\377\0003\000.\0001\0008\000.\0002\000.\0003\000\040\000C\000l\000o\000n\000e\000d\000R\000e\000p\000e\000a\000t\000i\000n\000g\000Q\000u\000e\000u\000e\000T\000e\000s\000t\000\050\000\051}{subsection.3.18.2}% 254
\BOOKMARK [3][-]{subsubsection.3.18.2.4}{\376\377\0003\000.\0001\0008\000.\0002\000.\0004\000\040\000D\000e\000l\000a\000y\000e\000d\000K\000i\000l\000l\000A\000l\000l\000T\000e\000s\000t\000\050\000\051}{subsection.3.18.2}% 255
\BOOKMARK [3][-]{subsubsection.3.18.2.5}{\376\377\0003\000.\0001\0008\000.\0002\000.\0005\000\040\000D\000e\000l\000a\000y\000e\000d\000K\000i\000l\000l\000C\000u\000r\000r\000e\000n\000t\000T\000e\000s\000t\000\050\000\051}{subsection.3.18.2}% 256
\BOOKMARK [3][-]{subsubsection.3.18.2.6}{\376\377\0003\000.\0001\0008\000.\0002\000.\0006\000\040\000L\000o\000c\000a\000l\000Q\000u\000e\000u\000e\000D\000e\000l\000a\000y\000e\000d\000P\000a\000u\000s\000e\000A\000n\000d\000R\000e\000s\000u\000m\000e\000T\000e\000s\000t\000\050\000\051}{subsection.3.18.2}% 257
\BOOKMARK [3][-]{subsubsection.3.18.2.7}{\376\377\0003\000.\0001\0008\000.\0002\000.\0007\000\040\000L\000o\000c\000a\000l\000Q\000u\000e\000u\000e\000D\000e\000l\000a\000y\000e\000d\000S\000t\000a\000r\000t\000T\000e\000s\000t\000\050\000\051}{subsection.3.18.2}% 258
\BOOKMARK [3][-]{subsubsection.3.18.2.8}{\376\377\0003\000.\0001\0008\000.\0002\000.\0008\000\040\000M\000u\000l\000t\000i\000p\000l\000e\000C\000l\000o\000n\000e\000d\000Q\000u\000e\000u\000e\000T\000e\000s\000t\000\050\000\051}{subsection.3.18.2}% 259
\BOOKMARK [3][-]{subsubsection.3.18.2.9}{\376\377\0003\000.\0001\0008\000.\0002\000.\0009\000\040\000Q\000u\000e\000u\000e\000E\000v\000e\000n\000t\000T\000e\000s\000t\000\050\000\051}{subsection.3.18.2}% 260
\BOOKMARK [3][-]{subsubsection.3.18.2.10}{\376\377\0003\000.\0001\0008\000.\0002\000.\0001\0000\000\040\000S\000e\000t\000N\000u\000m\000b\000e\000r\000R\000e\000p\000e\000a\000t\000i\000n\000g\000Q\000u\000e\000u\000e\000T\000e\000s\000t\000\050\000\051}{subsection.3.18.2}% 261
\BOOKMARK [3][-]{subsubsection.3.18.2.11}{\376\377\0003\000.\0001\0008\000.\0002\000.\0001\0001\000\040\000S\000i\000m\000p\000l\000e\000G\000l\000o\000b\000a\000l\000Q\000u\000e\000u\000e\000T\000e\000s\000t\000\050\000\051}{subsection.3.18.2}% 262
\BOOKMARK [3][-]{subsubsection.3.18.2.12}{\376\377\0003\000.\0001\0008\000.\0002\000.\0001\0002\000\040\000S\000i\000m\000p\000l\000e\000L\000o\000c\000a\000l\000Q\000u\000e\000u\000e\000T\000e\000s\000t\000\050\000\051}{subsection.3.18.2}% 263
\BOOKMARK [3][-]{subsubsection.3.18.2.13}{\376\377\0003\000.\0001\0008\000.\0002\000.\0001\0003\000\040\000T\000i\000m\000e\000d\000R\000e\000p\000e\000a\000t\000i\000n\000g\000Q\000u\000e\000u\000e\000T\000e\000s\000t\000\050\000\051}{subsection.3.18.2}% 264
\BOOKMARK [1][-]{section.3.19}{\376\377\0003\000.\0001\0009\000\040\000E\000x\000a\000m\000p\000l\000e\000J\000o\000b\000T\000e\000s\000t\000\040\000C\000l\000a\000s\000s\000\040\000R\000e\000f\000e\000r\000e\000n\000c\000e}{chapter.3}% 265
\BOOKMARK [2][-]{subsection.3.19.1}{\376\377\0003\000.\0001\0009\000.\0001\000\040\000D\000e\000t\000a\000i\000l\000e\000d\000\040\000D\000e\000s\000c\000r\000i\000p\000t\000i\000o\000n}{section.3.19}% 266
\BOOKMARK [2][-]{subsection.3.19.2}{\376\377\0003\000.\0001\0009\000.\0002\000\040\000M\000e\000m\000b\000e\000r\000\040\000F\000u\000n\000c\000t\000i\000o\000n\000\040\000D\000o\000c\000u\000m\000e\000n\000t\000a\000t\000i\000o\000n}{section.3.19}% 267
\BOOKMARK [3][-]{subsubsection.3.19.2.1}{\376\377\0003\000.\0001\0009\000.\0002\000.\0001\000\040\000C\000h\000i\000l\000d\000J\000o\000b\000T\000e\000s\000t\000\050\000\051}{subsection.3.19.2}% 268
\BOOKMARK [3][-]{subsubsection.3.19.2.2}{\376\377\0003\000.\0001\0009\000.\0002\000.\0002\000\040\000I\000n\000f\000i\000n\000i\000t\000e\000l\000y\000R\000e\000p\000e\000a\000t\000a\000b\000l\000e\000J\000o\000b\000T\000e\000s\000t\000\050\000\051}{subsection.3.19.2}% 269
\BOOKMARK [3][-]{subsubsection.3.19.2.3}{\376\377\0003\000.\0001\0009\000.\0002\000.\0003\000\040\000J\000o\000b\000T\000e\000s\000t\000W\000i\000t\000h\000D\000e\000l\000a\000y\000e\000d\000K\000i\000l\000l\000\050\000\051}{subsection.3.19.2}% 270
\BOOKMARK [3][-]{subsubsection.3.19.2.4}{\376\377\0003\000.\0001\0009\000.\0002\000.\0004\000\040\000J\000o\000b\000T\000e\000s\000t\000W\000i\000t\000h\000D\000e\000l\000a\000y\000e\000d\000P\000a\000u\000s\000e\000\050\000\051}{subsection.3.19.2}% 271
\BOOKMARK [3][-]{subsubsection.3.19.2.5}{\376\377\0003\000.\0001\0009\000.\0002\000.\0005\000\040\000J\000o\000b\000T\000e\000s\000t\000W\000i\000t\000h\000D\000e\000l\000a\000y\000e\000d\000R\000e\000s\000u\000m\000e\000\050\000\051}{subsection.3.19.2}% 272
\BOOKMARK [3][-]{subsubsection.3.19.2.6}{\376\377\0003\000.\0001\0009\000.\0002\000.\0006\000\040\000J\000o\000b\000T\000e\000s\000t\000W\000i\000t\000h\000D\000e\000l\000a\000y\000e\000d\000S\000t\000a\000r\000t\000\050\000\051}{subsection.3.19.2}% 273
\BOOKMARK [3][-]{subsubsection.3.19.2.7}{\376\377\0003\000.\0001\0009\000.\0002\000.\0007\000\040\000J\000o\000b\000T\000e\000s\000t\000W\000i\000t\000h\000S\000t\000a\000r\000t\000A\000n\000d\000E\000n\000d\000E\000v\000e\000n\000t\000s\000\050\000\051}{subsection.3.19.2}% 274
\BOOKMARK [3][-]{subsubsection.3.19.2.8}{\376\377\0003\000.\0001\0009\000.\0002\000.\0008\000\040\000M\000u\000l\000t\000i\000p\000l\000e\000C\000l\000o\000n\000e\000J\000o\000b\000T\000e\000s\000t\000\050\000\051}{subsection.3.19.2}% 275
\BOOKMARK [3][-]{subsubsection.3.19.2.9}{\376\377\0003\000.\0001\0009\000.\0002\000.\0009\000\040\000M\000u\000l\000t\000i\000p\000l\000e\000R\000e\000p\000e\000a\000t\000a\000b\000l\000e\000J\000o\000b\000T\000e\000s\000t\000\050\000\051}{subsection.3.19.2}% 276
\BOOKMARK [3][-]{subsubsection.3.19.2.10}{\376\377\0003\000.\0001\0009\000.\0002\000.\0001\0000\000\040\000M\000u\000t\000l\000t\000i\000p\000l\000e\000R\000e\000p\000e\000a\000t\000a\000b\000l\000e\000J\000o\000b\000T\000e\000s\000t\000W\000i\000t\000h\000C\000h\000i\000l\000d\000\050\000\051}{subsection.3.19.2}% 277
\BOOKMARK [3][-]{subsubsection.3.19.2.11}{\376\377\0003\000.\0001\0009\000.\0002\000.\0001\0001\000\040\000S\000i\000m\000p\000l\000e\000J\000o\000b\000T\000e\000s\000t\000\050\000\051}{subsection.3.19.2}% 278
\BOOKMARK [3][-]{subsubsection.3.19.2.12}{\376\377\0003\000.\0001\0009\000.\0002\000.\0001\0002\000\040\000S\000i\000n\000g\000l\000e\000C\000l\000o\000n\000e\000J\000o\000b\000T\000e\000s\000t\000\050\000\051}{subsection.3.19.2}% 279
\BOOKMARK [1][-]{section.3.20}{\376\377\0003\000.\0002\0000\000\040\000E\000x\000a\000m\000p\000l\000e\000T\000i\000m\000e\000r\000\040\000C\000l\000a\000s\000s\000\040\000R\000e\000f\000e\000r\000e\000n\000c\000e}{chapter.3}% 280
\BOOKMARK [2][-]{subsection.3.20.1}{\376\377\0003\000.\0002\0000\000.\0001\000\040\000D\000e\000t\000a\000i\000l\000e\000d\000\040\000D\000e\000s\000c\000r\000i\000p\000t\000i\000o\000n}{section.3.20}% 281
\BOOKMARK [1][-]{section.3.21}{\376\377\0003\000.\0002\0001\000\040\000E\000x\000a\000m\000p\000l\000e\000T\000I\000m\000e\000r\000P\000a\000u\000s\000e\000R\000e\000s\000u\000m\000e\000\040\000C\000l\000a\000s\000s\000\040\000R\000e\000f\000e\000r\000e\000n\000c\000e}{chapter.3}% 282
\BOOKMARK [2][-]{subsection.3.21.1}{\376\377\0003\000.\0002\0001\000.\0001\000\040\000D\000e\000t\000a\000i\000l\000e\000d\000\040\000D\000e\000s\000c\000r\000i\000p\000t\000i\000o\000n}{section.3.21}% 283
\BOOKMARK [1][-]{section.3.22}{\376\377\0003\000.\0002\0002\000\040\000I\000C\000M\000\137\000C\000l\000o\000n\000e\000a\000b\000l\000e\000<\000\040\000T\000\040\000>\000\040\000I\000n\000t\000e\000r\000f\000a\000c\000e\000\040\000T\000e\000m\000p\000l\000a\000t\000e\000\040\000R\000e\000f\000e\000r\000e\000n\000c\000e}{chapter.3}% 284
\BOOKMARK [2][-]{subsection.3.22.1}{\376\377\0003\000.\0002\0002\000.\0001\000\040\000D\000e\000t\000a\000i\000l\000e\000d\000\040\000D\000e\000s\000c\000r\000i\000p\000t\000i\000o\000n}{section.3.22}% 285
\BOOKMARK [2][-]{subsection.3.22.2}{\376\377\0003\000.\0002\0002\000.\0002\000\040\000M\000e\000m\000b\000e\000r\000\040\000F\000u\000n\000c\000t\000i\000o\000n\000\040\000D\000o\000c\000u\000m\000e\000n\000t\000a\000t\000i\000o\000n}{section.3.22}% 286
\BOOKMARK [3][-]{subsubsection.3.22.2.1}{\376\377\0003\000.\0002\0002\000.\0002\000.\0001\000\040\000C\000l\000o\000n\000e\000\050\000\051}{subsection.3.22.2}% 287
\BOOKMARK [3][-]{subsubsection.3.22.2.2}{\376\377\0003\000.\0002\0002\000.\0002\000.\0002\000\040\000C\000l\000o\000n\000e\000\050\000i\000n\000t\000\040\000n\000u\000m\000O\000f\000C\000o\000p\000i\000e\000s\000\051}{subsection.3.22.2}% 288
\BOOKMARK [1][-]{section.3.23}{\376\377\0003\000.\0002\0003\000\040\000C\000M\000\137\000L\000o\000g\000g\000e\000r\000.\000M\000e\000s\000s\000a\000g\000e\000\040\000C\000l\000a\000s\000s\000\040\000R\000e\000f\000e\000r\000e\000n\000c\000e}{chapter.3}% 289
\BOOKMARK [2][-]{subsection.3.23.1}{\376\377\0003\000.\0002\0003\000.\0001\000\040\000D\000e\000t\000a\000i\000l\000e\000d\000\040\000D\000e\000s\000c\000r\000i\000p\000t\000i\000o\000n}{section.3.23}% 290
\BOOKMARK [2][-]{subsection.3.23.2}{\376\377\0003\000.\0002\0003\000.\0002\000\040\000C\000o\000n\000s\000t\000r\000u\000c\000t\000o\000r\000\040\000\046\000\040\000D\000e\000s\000t\000r\000u\000c\000t\000o\000r\000\040\000D\000o\000c\000u\000m\000e\000n\000t\000a\000t\000i\000o\000n}{section.3.23}% 291
\BOOKMARK [3][-]{subsubsection.3.23.2.1}{\376\377\0003\000.\0002\0003\000.\0002\000.\0001\000\040\000M\000e\000s\000s\000a\000g\000e\000\050\000o\000b\000j\000e\000c\000t\000\040\000i\000n\000v\000o\000k\000e\000r\000,\000\040\000o\000b\000j\000e\000c\000t\000\040\000c\000o\000n\000t\000e\000n\000t\000\051}{subsection.3.23.2}% 292
\BOOKMARK [2][-]{subsection.3.23.3}{\376\377\0003\000.\0002\0003\000.\0003\000\040\000M\000e\000m\000b\000e\000r\000\040\000F\000u\000n\000c\000t\000i\000o\000n\000\040\000D\000o\000c\000u\000m\000e\000n\000t\000a\000t\000i\000o\000n}{section.3.23}% 293
\BOOKMARK [3][-]{subsubsection.3.23.3.1}{\376\377\0003\000.\0002\0003\000.\0003\000.\0001\000\040\000T\000o\000S\000t\000r\000i\000n\000g\000\050\000\051}{subsection.3.23.3}% 294
\BOOKMARK [2][-]{subsection.3.23.4}{\376\377\0003\000.\0002\0003\000.\0004\000\040\000P\000r\000o\000p\000e\000r\000t\000y\000\040\000D\000o\000c\000u\000m\000e\000n\000t\000a\000t\000i\000o\000n}{section.3.23}% 295
\BOOKMARK [3][-]{subsubsection.3.23.4.1}{\376\377\0003\000.\0002\0003\000.\0004\000.\0001\000\040\000c\000o\000n\000t\000e\000n\000t}{subsection.3.23.4}% 296
\BOOKMARK [3][-]{subsubsection.3.23.4.2}{\376\377\0003\000.\0002\0003\000.\0004\000.\0002\000\040\000i\000n\000v\000o\000k\000e\000r}{subsection.3.23.4}% 297
\BOOKMARK [0][-]{section*.46}{\376\377\000I\000n\000d\000e\000x}{}% 298
